Log file open, 03/11/17 18:30:19
LogInit:Display: Running engine for game: Practica2TCM
LogPlatformFile: Not using cached read wrapper
LogInit:Display: RandInit(-848725611) SRandInit(-848725611).
LogTaskGraph: Started task graph with 5 named threads and 8 total threads with 1 sets of task threads.
LogStats: Stats thread started at 0.092855
LogPluginManager: Loaded Plugin Paper2D, From C:/Program Files (x86)/Epic Games/4.14/Engine/Plugins/2D/Paper2D/Paper2D.uplugin
LogPluginManager: Loaded Plugin LightPropagationVolume, From C:/Program Files (x86)/Epic Games/4.14/Engine/Plugins/Blendables/LightPropagationVolume/LightPropagationVolume.uplugin
LogPluginManager: Loaded Plugin BlankPlugin, From C:/Program Files (x86)/Epic Games/4.14/Engine/Plugins/Developer/BlankPlugin/BlankPlugin.uplugin
LogPluginManager: Loaded Plugin CodeLiteSourceCodeAccess, From C:/Program Files (x86)/Epic Games/4.14/Engine/Plugins/Developer/CodeLiteSourceCodeAccess/CodeLiteSourceCodeAccess.uplugin
LogPluginManager: Loaded Plugin GitSourceControl, From C:/Program Files (x86)/Epic Games/4.14/Engine/Plugins/Developer/GitSourceControl/GitSourceControl.uplugin
LogPluginManager: Loaded Plugin KDevelopSourceCodeAccess, From C:/Program Files (x86)/Epic Games/4.14/Engine/Plugins/Developer/KDevelopSourceCodeAccess/KDevelopSourceCodeAccess.uplugin
LogPluginManager: Loaded Plugin NullSourceCodeAccess, From C:/Program Files (x86)/Epic Games/4.14/Engine/Plugins/Developer/NullSourceCodeAccess/NullSourceCodeAccess.uplugin
LogPluginManager: Loaded Plugin OneSkyLocalizationService, From C:/Program Files (x86)/Epic Games/4.14/Engine/Plugins/Developer/OneSkyLocalizationService/OneSkyLocalizationService.uplugin
LogPluginManager: Loaded Plugin PerforceSourceControl, From C:/Program Files (x86)/Epic Games/4.14/Engine/Plugins/Developer/PerforceSourceControl/PerforceSourceControl.uplugin
LogPluginManager: Loaded Plugin SubversionSourceControl, From C:/Program Files (x86)/Epic Games/4.14/Engine/Plugins/Developer/SubversionSourceControl/SubversionSourceControl.uplugin
LogPluginManager: Loaded Plugin UObjectPlugin, From C:/Program Files (x86)/Epic Games/4.14/Engine/Plugins/Developer/UObjectPlugin/UObjectPlugin.uplugin
LogPluginManager: Loaded Plugin VisualStudioSourceCodeAccess, From C:/Program Files (x86)/Epic Games/4.14/Engine/Plugins/Developer/VisualStudioSourceCodeAccess/VisualStudioSourceCodeAccess.uplugin
LogPluginManager: Loaded Plugin XCodeSourceCodeAccess, From C:/Program Files (x86)/Epic Games/4.14/Engine/Plugins/Developer/XCodeSourceCodeAccess/XCodeSourceCodeAccess.uplugin
LogPluginManager: Loaded Plugin AudioCapture, From C:/Program Files (x86)/Epic Games/4.14/Engine/Plugins/Editor/AudioCapture/AudioCapture.uplugin
LogPluginManager: Loaded Plugin EpicSurvey, From C:/Program Files (x86)/Epic Games/4.14/Engine/Plugins/Editor/EpicSurvey/EpicSurvey.uplugin
LogPluginManager: Loaded Plugin MacGraphicsSwitching, From C:/Program Files (x86)/Epic Games/4.14/Engine/Plugins/Editor/MacGraphicsSwitching/MacGraphicsSwitching.uplugin
LogPluginManager: Loaded Plugin MobileLauncherProfileWizard, From C:/Program Files (x86)/Epic Games/4.14/Engine/Plugins/Editor/MobileLauncherProfileWizard/MobileLauncherProfileWizard.uplugin
LogPluginManager: Loaded Plugin PluginBrowser, From C:/Program Files (x86)/Epic Games/4.14/Engine/Plugins/Editor/PluginBrowser/PluginBrowser.uplugin
LogPluginManager: Loaded Plugin SpeedTreeImporter, From C:/Program Files (x86)/Epic Games/4.14/Engine/Plugins/Editor/SpeedTreeImporter/SpeedTreeImporter.uplugin
LogPluginManager: Loaded Plugin SuperSearchEditor, From C:/Program Files (x86)/Epic Games/4.14/Engine/Plugins/Editor/SuperSearchEditor/SuperSearchEditor.uplugin
LogPluginManager: Loaded Plugin AlembicImporter, From C:/Program Files (x86)/Epic Games/4.14/Engine/Plugins/Experimental/AlembicImporter/AlembicImporter.uplugin
LogPluginManager: Loaded Plugin BlueprintStats, From C:/Program Files (x86)/Epic Games/4.14/Engine/Plugins/Experimental/BlueprintStats/BlueprintStats.uplugin
LogPluginManager: Loaded Plugin CharacterAI, From C:/Program Files (x86)/Epic Games/4.14/Engine/Plugins/Experimental/CharacterAI/CharacterAI.uplugin
LogPluginManager: Loaded Plugin CodeEditor, From C:/Program Files (x86)/Epic Games/4.14/Engine/Plugins/Experimental/CodeEditor/CodeEditor.uplugin
LogPluginManager: Loaded Plugin CodeView, From C:/Program Files (x86)/Epic Games/4.14/Engine/Plugins/Experimental/CodeView/CodeView.uplugin
LogPluginManager: Loaded Plugin HTML5Networking, From C:/Program Files (x86)/Epic Games/4.14/Engine/Plugins/Experimental/HTML5Networking/HTML5Networking.uplugin
LogPluginManager: Loaded Plugin OSVR, From C:/Program Files (x86)/Epic Games/4.14/Engine/Plugins/Experimental/OSVR/OSVR.uplugin
LogPluginManager: Loaded Plugin Phya, From C:/Program Files (x86)/Epic Games/4.14/Engine/Plugins/Experimental/Phya/Phya.uplugin
LogPluginManager: Loaded Plugin SignificanceManager, From C:/Program Files (x86)/Epic Games/4.14/Engine/Plugins/Experimental/SignificanceManager/SignificanceManager.uplugin
LogPluginManager: Loaded Plugin SimpleHMD, From C:/Program Files (x86)/Epic Games/4.14/Engine/Plugins/Experimental/SimpleHMD/SimpleHMD.uplugin
LogPluginManager: Loaded Plugin StereoPanorama, From C:/Program Files (x86)/Epic Games/4.14/Engine/Plugins/Experimental/StereoPanorama/StereoPanorama.uplugin
LogPluginManager: Loaded Plugin StructBox, From C:/Program Files (x86)/Epic Games/4.14/Engine/Plugins/Experimental/StructBox/StructBox.uplugin
LogPluginManager: Loaded Plugin AndroidMedia, From C:/Program Files (x86)/Epic Games/4.14/Engine/Plugins/Media/AndroidMedia/AndroidMedia.uplugin
LogPluginManager: Loaded Plugin AvfMedia, From C:/Program Files (x86)/Epic Games/4.14/Engine/Plugins/Media/AvfMedia/AvfMedia.uplugin
LogPluginManager: Loaded Plugin MediaPlayerEditor, From C:/Program Files (x86)/Epic Games/4.14/Engine/Plugins/Media/MediaPlayerEditor/MediaPlayerEditor.uplugin
LogPluginManager: Loaded Plugin WmfMedia, From C:/Program Files (x86)/Epic Games/4.14/Engine/Plugins/Media/WmfMedia/WmfMedia.uplugin
LogPluginManager: Loaded Plugin MessagingDebugger, From C:/Program Files (x86)/Epic Games/4.14/Engine/Plugins/Messaging/MessagingDebugger/MessagingDebugger.uplugin
LogPluginManager: Loaded Plugin TcpMessaging, From C:/Program Files (x86)/Epic Games/4.14/Engine/Plugins/Messaging/TcpMessaging/TcpMessaging.uplugin
LogPluginManager: Loaded Plugin UdpMessaging, From C:/Program Files (x86)/Epic Games/4.14/Engine/Plugins/Messaging/UdpMessaging/UdpMessaging.uplugin
LogPluginManager: Loaded Plugin LevelSequenceEditor, From C:/Program Files (x86)/Epic Games/4.14/Engine/Plugins/MovieScene/LevelSequenceEditor/LevelSequenceEditor.uplugin
LogPluginManager: Loaded Plugin MatineeToLevelSequence, From C:/Program Files (x86)/Epic Games/4.14/Engine/Plugins/MovieScene/MatineeToLevelSequence/MatineeToLevelSequence.uplugin
LogPluginManager: Loaded Plugin NetcodeUnitTest, From C:/Program Files (x86)/Epic Games/4.14/Engine/Plugins/NetcodeUnitTest/NetcodeUnitTest/NetcodeUnitTest.uplugin
LogPluginManager: Loaded Plugin NUTUnrealEngine4, From C:/Program Files (x86)/Epic Games/4.14/Engine/Plugins/NetcodeUnitTest/NUTUnrealEngine4/NUTUnrealEngine4.uplugin
LogPluginManager: Loaded Plugin OnlineSubsystemGameCircle, From C:/Program Files (x86)/Epic Games/4.14/Engine/Plugins/Online/Android/OnlineSubsystemGameCircle/OnlineSubsystemGameCircle.uplugin
LogPluginManager: Loaded Plugin OnlineSubsystemGooglePlay, From C:/Program Files (x86)/Epic Games/4.14/Engine/Plugins/Online/Android/OnlineSubsystemGooglePlay/OnlineSubsystemGooglePlay.uplugin
LogPluginManager: Loaded Plugin OnlineSubsystemIOS, From C:/Program Files (x86)/Epic Games/4.14/Engine/Plugins/Online/IOS/OnlineSubsystemIOS/OnlineSubsystemIOS.uplugin
LogPluginManager: Loaded Plugin OnlineFramework, From C:/Program Files (x86)/Epic Games/4.14/Engine/Plugins/Online/OnlineFramework/OnlineFramework.uplugin
LogPluginManager: Loaded Plugin OnlineSubsystem, From C:/Program Files (x86)/Epic Games/4.14/Engine/Plugins/Online/OnlineSubsystem/OnlineSubsystem.uplugin
LogPluginManager: Loaded Plugin OnlineSubsystemAmazon, From C:/Program Files (x86)/Epic Games/4.14/Engine/Plugins/Online/OnlineSubsystemAmazon/OnlineSubsystemAmazon.uplugin
LogPluginManager: Loaded Plugin OnlineSubsystemFacebook, From C:/Program Files (x86)/Epic Games/4.14/Engine/Plugins/Online/OnlineSubsystemFacebook/OnlineSubsystemFacebook.uplugin
LogPluginManager: Loaded Plugin OnlineSubsystemNull, From C:/Program Files (x86)/Epic Games/4.14/Engine/Plugins/Online/OnlineSubsystemNull/OnlineSubsystemNull.uplugin
LogPluginManager: Loaded Plugin OnlineSubsystemOculus, From C:/Program Files (x86)/Epic Games/4.14/Engine/Plugins/Online/OnlineSubsystemOculus/OnlineSubsystemOculus.uplugin
LogPluginManager: Loaded Plugin OnlineSubsystemSteam, From C:/Program Files (x86)/Epic Games/4.14/Engine/Plugins/Online/OnlineSubsystemSteam/OnlineSubsystemSteam.uplugin
LogPluginManager: Loaded Plugin OnlineSubsystemUtils, From C:/Program Files (x86)/Epic Games/4.14/Engine/Plugins/Online/OnlineSubsystemUtils/OnlineSubsystemUtils.uplugin
LogPluginManager: Loaded Plugin IOSTapJoy, From C:/Program Files (x86)/Epic Games/4.14/Engine/Plugins/Runtime/Advertising/IOSTapJoy/IOSTapJoy.uplugin
LogPluginManager: Loaded Plugin AnalyticsBlueprintLibrary, From C:/Program Files (x86)/Epic Games/4.14/Engine/Plugins/Runtime/Analytics/AnalyticsBlueprintLibrary/AnalyticsBlueprintLibrary.uplugin
LogPluginManager: Loaded Plugin AnalyticsMulticast, From C:/Program Files (x86)/Epic Games/4.14/Engine/Plugins/Runtime/Analytics/AnalyticsMulticast/AnalyticsMulticast.uplugin
LogPluginManager: Loaded Plugin Apsalar, From C:/Program Files (x86)/Epic Games/4.14/Engine/Plugins/Runtime/Analytics/Apsalar/Apsalar.uplugin
LogPluginManager: Loaded Plugin FileLogging, From C:/Program Files (x86)/Epic Games/4.14/Engine/Plugins/Runtime/Analytics/FileLogging/FileLogging.uplugin
LogPluginManager: Loaded Plugin Flurry, From C:/Program Files (x86)/Epic Games/4.14/Engine/Plugins/Runtime/Analytics/Flurry/Flurry.uplugin
LogPluginManager: Loaded Plugin AndroidDeviceProfileSelector, From C:/Program Files (x86)/Epic Games/4.14/Engine/Plugins/Runtime/AndroidDeviceProfileSelector/AndroidDeviceProfileSelector.uplugin
LogPluginManager: Loaded Plugin AndroidMoviePlayer, From C:/Program Files (x86)/Epic Games/4.14/Engine/Plugins/Runtime/AndroidMoviePlayer/AndroidMoviePlayer.uplugin
LogPluginManager: Loaded Plugin AppleMoviePlayer, From C:/Program Files (x86)/Epic Games/4.14/Engine/Plugins/Runtime/AppleMoviePlayer/AppleMoviePlayer.uplugin
LogPluginManager: Loaded Plugin ArchVisCharacter, From C:/Program Files (x86)/Epic Games/4.14/Engine/Plugins/Runtime/ArchVisCharacter/ArchVisCharacter.uplugin
LogPluginManager: Loaded Plugin CableComponent, From C:/Program Files (x86)/Epic Games/4.14/Engine/Plugins/Runtime/CableComponent/CableComponent.uplugin
LogPluginManager: Loaded Plugin CustomMeshComponent, From C:/Program Files (x86)/Epic Games/4.14/Engine/Plugins/Runtime/CustomMeshComponent/CustomMeshComponent.uplugin
LogPluginManager: Loaded Plugin ExampleDeviceProfileSelector, From C:/Program Files (x86)/Epic Games/4.14/Engine/Plugins/Runtime/ExampleDeviceProfileSelector/ExampleDeviceProfileSelector.uplugin
LogPluginManager: Loaded Plugin GearVR, From C:/Program Files (x86)/Epic Games/4.14/Engine/Plugins/Runtime/GearVR/GearVR.uplugin
LogPluginManager: Loaded Plugin GoogleVRController, From C:/Program Files (x86)/Epic Games/4.14/Engine/Plugins/Runtime/GoogleVR/GoogleVRController/GoogleVRController.uplugin
LogPluginManager: Loaded Plugin GoogleVRHMD, From C:/Program Files (x86)/Epic Games/4.14/Engine/Plugins/Runtime/GoogleVR/GoogleVRHMD/GoogleVRHMD.uplugin
LogPluginManager: Loaded Plugin IOSDeviceProfileSelector, From C:/Program Files (x86)/Epic Games/4.14/Engine/Plugins/Runtime/IOSDeviceProfileSelector/IOSDeviceProfileSelector.uplugin
LogPluginManager: Loaded Plugin LeapMotion, From C:/Program Files (x86)/Epic Games/4.14/Engine/Plugins/Runtime/LeapMotion/LeapMotion.uplugin
LogPluginManager: Loaded Plugin LinuxDeviceProfileSelector, From C:/Program Files (x86)/Epic Games/4.14/Engine/Plugins/Runtime/LinuxDeviceProfileSelector/LinuxDeviceProfileSelector.uplugin
LogPluginManager: Loaded Plugin MIDIDevice, From C:/Program Files (x86)/Epic Games/4.14/Engine/Plugins/Runtime/MIDIDevice/MIDIDevice.uplugin
LogPluginManager: Loaded Plugin MobilePatchingUtils, From C:/Program Files (x86)/Epic Games/4.14/Engine/Plugins/Runtime/MobilePatchingUtils/MobilePatchingUtils.uplugin
LogPluginManager: Loaded Plugin Ansel, From C:/Program Files (x86)/Epic Games/4.14/Engine/Plugins/Runtime/Nvidia/Ansel/Ansel.uplugin
LogPluginManager: Loaded Plugin OculusAudio, From C:/Program Files (x86)/Epic Games/4.14/Engine/Plugins/Runtime/OculusAudio/OculusAudio.uplugin
LogPluginManager: Loaded Plugin OculusInput, From C:/Program Files (x86)/Epic Games/4.14/Engine/Plugins/Runtime/OculusInput/OculusInput.uplugin
LogPluginManager: Loaded Plugin OculusLibrary, From C:/Program Files (x86)/Epic Games/4.14/Engine/Plugins/Runtime/OculusLibrary/OculusLibrary.uplugin
LogPluginManager: Loaded Plugin OculusRift, From C:/Program Files (x86)/Epic Games/4.14/Engine/Plugins/Runtime/OculusRift/OculusRift.uplugin
LogPluginManager: Loaded Plugin Oodle, From C:/Program Files (x86)/Epic Games/4.14/Engine/Plugins/Runtime/PacketHandlers/CompressionComponents/Oodle/Oodle.uplugin
LogPluginManager: Loaded Plugin ProceduralMeshComponent, From C:/Program Files (x86)/Epic Games/4.14/Engine/Plugins/Runtime/ProceduralMeshComponent/ProceduralMeshComponent.uplugin
LogPluginManager: Loaded Plugin SoundMod, From C:/Program Files (x86)/Epic Games/4.14/Engine/Plugins/Runtime/SoundMod/SoundMod.uplugin
LogPluginManager: Loaded Plugin SoundVisualizations, From C:/Program Files (x86)/Epic Games/4.14/Engine/Plugins/Runtime/SoundVisualizations/SoundVisualizations.uplugin
LogPluginManager: Loaded Plugin SteamController, From C:/Program Files (x86)/Epic Games/4.14/Engine/Plugins/Runtime/Steam/SteamController/SteamController.uplugin
LogPluginManager: Loaded Plugin SteamVR, From C:/Program Files (x86)/Epic Games/4.14/Engine/Plugins/Runtime/Steam/SteamVR/SteamVR.uplugin
LogPluginManager: Loaded Plugin WebBrowserWidget, From C:/Program Files (x86)/Epic Games/4.14/Engine/Plugins/Runtime/WebBrowserWidget/WebBrowserWidget.uplugin
LogPluginManager: Loaded Plugin WindowsDeviceProfileSelector, From C:/Program Files (x86)/Epic Games/4.14/Engine/Plugins/Runtime/WindowsDeviceProfileSelector/WindowsDeviceProfileSelector.uplugin
LogPluginManager: Loaded Plugin WindowsMoviePlayer, From C:/Program Files (x86)/Epic Games/4.14/Engine/Plugins/Runtime/WindowsMoviePlayer/WindowsMoviePlayer.uplugin
LogPluginManager: Loaded Plugin ScriptPlugin, From C:/Program Files (x86)/Epic Games/4.14/Engine/Plugins/ScriptPlugin/ScriptPlugin.uplugin
LogPluginManager: Loaded Plugin SlateRemote, From C:/Program Files (x86)/Epic Games/4.14/Engine/Plugins/Slate/SlateRemote/SlateRemote.uplugin
LogPluginManager: Loaded Plugin EditorTests, From C:/Program Files (x86)/Epic Games/4.14/Engine/Plugins/Tests/EditorTests/EditorTests.uplugin
LogPluginManager: Loaded Plugin FbxAutomationTestBuilder, From C:/Program Files (x86)/Epic Games/4.14/Engine/Plugins/Tests/FbxAutomationTestBuilder/FbxAutomationTestBuilder.uplugin
LogPluginManager: Loaded Plugin FunctionalTestingEditor, From C:/Program Files (x86)/Epic Games/4.14/Engine/Plugins/Tests/FunctionalTestingEditor/FunctionalTestingEditor.uplugin
LogPluginManager: Loaded Plugin RuntimeTests, From C:/Program Files (x86)/Epic Games/4.14/Engine/Plugins/Tests/RuntimeTests/RuntimeTests.uplugin
LogPluginManager: Loaded Plugin ScreenshotTools, From C:/Program Files (x86)/Epic Games/4.14/Engine/Plugins/Tests/ScreenshotTools/ScreenshotTools.uplugin
LogInit: Using libcurl 7.47.1
LogInit:  - built for x86_64-pc-win32
LogInit:  - supports SSL with OpenSSL/1.0.2g
LogInit:  - supports HTTP deflate (compression) using libz 1.2.8
LogInit:  - other features:
LogInit:      CURL_VERSION_SSL
LogInit:      CURL_VERSION_LIBZ
LogInit:      CURL_VERSION_IPV6
LogInit:      CURL_VERSION_ASYNCHDNS
LogInit:      CURL_VERSION_LARGEFILE
LogInit:      CURL_VERSION_IDN
LogInit:  CurlRequestOptions (configurable via config and command line):
LogInit:  - bVerifyPeer = false  - Libcurl will NOT verify peer certificate
LogInit:  - bUseHttpProxy = false  - Libcurl will NOT use HTTP proxy
LogInit:  - bDontReuseConnections = false  - Libcurl will reuse connections
LogInit:  - CertBundlePath = nullptr  - Libcurl will use whatever was configured at build time.
LogInit: Build: ++UE4+Release-4.14-CL-3249277
LogInit: Engine Version: 4.14.3-3249277+++UE4+Release-4.14
LogInit: Compatible Engine Version: 4.14.0-3195953+++UE4+Release-4.14
LogInit: Net CL: 3195953
LogDevObjectVersion: Number of dev versions registered: 13
LogDevObjectVersion:   Dev-Blueprints (B0D832E4-1F89-4F0D-ACCF-7EB736FD4AA2): 7
LogDevObjectVersion:   Dev-Build (E1C64328-A22C-4D53-A36C-8E866417BD8C): 0
LogDevObjectVersion:   Dev-Core (375EC13C-06E4-48FB-B500-84F0262A717E): 1
LogDevObjectVersion:   Dev-Editor (E4B068ED-F494-42E9-A231-DA0B2E46BB41): 8
LogDevObjectVersion:   Dev-Framework (CFFC743F-43B0-4480-9391-14DF171D2073): 17
LogDevObjectVersion:   Dev-Mobile (B02B49B5-BB20-44E9-A304-32B752E40360): 0
LogDevObjectVersion:   Dev-Networking (A4E4105C-59A1-49B5-A7C5-40C4547EDFEE): 0
LogDevObjectVersion:   Dev-Online (39C831C9-5AE6-47DC-9A44-9C173E1C8E7C): 0
LogDevObjectVersion:   Dev-Physics (78F01B33-EBEA-4F98-B9B4-84EACCB95AA2): 0
LogDevObjectVersion:   Dev-Platform (6631380F-2D4D-43E0-8009-CF276956A95A): 0
LogDevObjectVersion:   Dev-Rendering (12F88B9F-8875-4AFC-A67C-D90C383ABD29): 12
LogDevObjectVersion:   Dev-Sequencer (7B5AE74C-D270-4C10-A958-57980B212A5A): 1
LogDevObjectVersion:   Dev-VR (D7296918-1DD6-4BDD-9DE2-64A83CC13884): 0
LogInit: Compiled (64-bit): Jan  6 2017 10:49:43
LogInit: Compiled with Visual C++: 19.00.23026.00
LogInit: Build Configuration: Development
LogInit: Branch Name: ++UE4+Release-4.14
LogInit: Command line: 
LogInit: Base directory: C:/Program Files (x86)/Epic Games/4.14/Engine/Binaries/Win64/
LogInit: Installed Engine Build: 1
LogInit: Presizing for max 8388607 objects, including 0 objects not considered by GC, pre-allocating 0 bytes for permanent pool.
LogInit: Object subsystem initialized
[2017.03.11-17.30.19:731][  0]LogInit: Selected Device Profile: [Windows]
[2017.03.11-17.30.19:731][  0]LogInit: Applying CVar settings loaded from the selected device profile: [Windows]
[2017.03.11-17.30.19:767][  0]LogInit: Computer: DESKTOP-3HI9DE9
[2017.03.11-17.30.19:767][  0]LogInit: User: Ana
[2017.03.11-17.30.19:767][  0]LogInit: CPU Page size=65536, Cores=4
[2017.03.11-17.30.19:767][  0]LogInit: High frequency timer resolution =2.240915 MHz
[2017.03.11-17.30.19:767][  0]LogMemory: Memory total: Physical=7.9GB (8GB approx)
[2017.03.11-17.30.19:767][  0]LogMemory: Platform Memory Stats for Windows
[2017.03.11-17.30.19:767][  0]LogMemory: Process Physical Memory: 265.61 MB used, 265.61 MB peak
[2017.03.11-17.30.19:767][  0]LogMemory: Process Virtual Memory: 262.81 MB used, 262.81 MB peak
[2017.03.11-17.30.19:767][  0]LogMemory: Physical Memory: 4524.95 MB used,  3587.48 MB free, 8112.43 MB total
[2017.03.11-17.30.19:767][  0]LogMemory: Virtual Memory: 676.54 MB used,  3587.48 MB free, 134217728.00 MB total
[2017.03.11-17.30.19:786][  0]LogInit: Overriding culture en with editor configuration.
[2017.03.11-17.30.20:519][  0]LogD3D11RHI: D3D11 adapters:
[2017.03.11-17.30.20:543][  0]LogD3D11RHI:    0. 'NVIDIA GeForce 820M' (Feature Level 11_0)
[2017.03.11-17.30.20:543][  0]LogD3D11RHI:       1999/0/4056 MB DedicatedVideo/DedicatedSystem/SharedSystem, Outputs:1, VendorId:0x10de
[2017.03.11-17.30.20:552][  0]LogD3D11RHI:    1. 'Intel(R) HD Graphics 4600' (Feature Level 11_0)
[2017.03.11-17.30.20:552][  0]LogD3D11RHI:       112/0/2048 MB DedicatedVideo/DedicatedSystem/SharedSystem, Outputs:0, VendorId:0x8086
[2017.03.11-17.30.20:554][  0]LogD3D11RHI:    2. 'Microsoft Basic Render Driver' (Feature Level 11_0)
[2017.03.11-17.30.20:554][  0]LogD3D11RHI:       0/0/4056 MB DedicatedVideo/DedicatedSystem/SharedSystem, Outputs:0, VendorId:0x1414
[2017.03.11-17.30.20:554][  0]LogD3D11RHI: Chosen D3D11 Adapter: 0
[2017.03.11-17.30.20:558][  0]LogD3D11RHI: Creating new Direct3DDevice
[2017.03.11-17.30.20:559][  0]LogD3D11RHI:     GPU DeviceId: 0x1140 (for the marketing name, search the web for "GPU Device Id")
[2017.03.11-17.30.20:559][  0]LogWindows: EnumDisplayDevices:
[2017.03.11-17.30.20:559][  0]LogWindows:    0. 'Intel(R) HD Graphics 4600' (P:1 D:1)
[2017.03.11-17.30.20:559][  0]LogWindows:    1. 'Intel(R) HD Graphics 4600' (P:0 D:0)
[2017.03.11-17.30.20:559][  0]LogWindows:    2. 'Intel(R) HD Graphics 4600' (P:0 D:0)
[2017.03.11-17.30.20:559][  0]LogWindows: DebugString: PrimaryIsNotTheChoosenAdapter PrimaryIsNotTheChoosenAdapter PrimaryIsNotTheChoosenAdapter FoundDriverCount:0 
[2017.03.11-17.30.20:559][  0]LogD3D11RHI:     Adapter Name: NVIDIA GeForce 820M
[2017.03.11-17.30.20:559][  0]LogD3D11RHI:   Driver Version: Unknown (internal:Unknown, unified:Unknown)
[2017.03.11-17.30.20:559][  0]LogD3D11RHI:      Driver Date: Unknown
[2017.03.11-17.30.20:559][  0]LogRHI: Texture pool is 1361 MB (70% of 1945 MB)
[2017.03.11-17.30.20:576][  0]LogD3D11RHI:Warning: Timestamp queries are currently disabled on this hardware due to instability. Realtime GPU stats will not be available. You can override this behaviour by setting r.NVIDIATimestampWorkaround to 0
[2017.03.11-17.30.20:576][  0]LogD3D11RHI: Async texture creation enabled
[2017.03.11-17.30.20:586][  0]LogD3D11RHI: GPU Timing Frequency: 1000.000000 (Debug: 2 1)
[2017.03.11-17.30.20:587][  0]LogShaderCompilers: Guid format shader working directory is -44 characters bigger than the processId version (D:/university 3 MSA (TCM)/Segundo Trimestre/Motores de juegos/practica2/trunk/practica2/Intermediate/Shaders/WorkingDirectory/12408/).
[2017.03.11-17.30.20:587][  0]LogShaderCompilers: Cleaned the shader compiler working directory 'C:/Users/Ana/AppData/Local/Temp/UnrealShaderWorkingDir/ACA434454D4DDFC9AD36B8A1F4119208/'.
[2017.03.11-17.30.20:587][  0]LogShaderCompilers:Display: Using Local Shader Compiler.
[2017.03.11-17.30.21:721][  0]LogTemp:Display: Loaded TP AllDesktopTargetPlatform
[2017.03.11-17.30.21:783][  0]LogTemp:Display: Loaded TP MacClientTargetPlatform
[2017.03.11-17.30.21:846][  0]LogTemp:Display: Loaded TP MacNoEditorTargetPlatform
[2017.03.11-17.30.21:910][  0]LogTemp:Display: Loaded TP MacServerTargetPlatform
[2017.03.11-17.30.21:965][  0]LogTemp:Display: Loaded TP MacTargetPlatform
[2017.03.11-17.30.22:020][  0]LogTemp:Display: Loaded TP WindowsClientTargetPlatform
[2017.03.11-17.30.22:076][  0]LogTemp:Display: Loaded TP WindowsNoEditorTargetPlatform
[2017.03.11-17.30.22:132][  0]LogTemp:Display: Loaded TP WindowsServerTargetPlatform
[2017.03.11-17.30.22:182][  0]LogTemp:Display: Loaded TP WindowsTargetPlatform
[2017.03.11-17.30.22:238][  0]LogTemp:Display: Loaded TP AndroidTargetPlatform
[2017.03.11-17.30.22:299][  0]LogTemp:Display: Loaded TP Android_ASTCTargetPlatform
[2017.03.11-17.30.22:356][  0]LogTemp:Display: Loaded TP Android_ATCTargetPlatform
[2017.03.11-17.30.22:420][  0]LogTemp:Display: Loaded TP Android_DXTTargetPlatform
[2017.03.11-17.30.22:482][  0]LogTemp:Display: Loaded TP Android_ETC1TargetPlatform
[2017.03.11-17.30.22:537][  0]LogTemp:Display: Loaded TP Android_ETC2TargetPlatform
[2017.03.11-17.30.22:655][  0]LogTemp:Display: Loaded TP Android_MultiTargetPlatform
[2017.03.11-17.30.22:655][  0]LogTemp:Display: Loaded TP Android_PVRTCTargetPlatform
[2017.03.11-17.30.22:696][  0]LogTemp:Display: Loaded TP HTML5TargetPlatform
[2017.03.11-17.30.22:793][  0]LogTemp:Display: Loaded TP IOSTargetPlatform
[2017.03.11-17.30.22:831][  0]LogTemp:Display: Loaded TP TVOSTargetPlatform
[2017.03.11-17.30.22:897][  0]LogTemp:Display: Loaded TP LinuxClientTargetPlatform
[2017.03.11-17.30.22:960][  0]LogTemp:Display: Loaded TP LinuxNoEditorTargetPlatform
[2017.03.11-17.30.23:013][  0]LogTemp:Display: Loaded TP LinuxServerTargetPlatform
[2017.03.11-17.30.23:068][  0]LogTemp:Display: Loaded TP LinuxTargetPlatform
[2017.03.11-17.30.23:068][  0]LogTargetPlatformManager:Display: Building Assets For Windows
[2017.03.11-17.30.23:509][  0]LogDerivedDataCache:Display: Max Cache Size: 512 MB
[2017.03.11-17.30.23:573][  0]LogDerivedDataCache: Loaded boot cache 0.06s 50MB C:/Users/Ana/AppData/Local/UnrealEngine/4.14/DerivedDataCache/Boot.ddc.
[2017.03.11-17.30.23:573][  0]LogDerivedDataCache:Display: Loaded Boot cache: C:/Users/Ana/AppData/Local/UnrealEngine/4.14/DerivedDataCache/Boot.ddc
[2017.03.11-17.30.23:573][  0]LogDerivedDataCache: FDerivedDataBackendGraph:  Pak pak cache file D:/university 3 MSA (TCM)/Segundo Trimestre/Motores de juegos/practica2/trunk/practica2/DerivedDataCache/DDC.ddp not found, will not use a pak cache.
[2017.03.11-17.30.23:573][  0]LogDerivedDataCache: Unable to find inner node Pak for hierarchical cache Hierarchy.
[2017.03.11-17.30.23:574][  0]LogDerivedDataCache: FDerivedDataBackendGraph:  CompressedPak pak cache file D:/university 3 MSA (TCM)/Segundo Trimestre/Motores de juegos/practica2/trunk/practica2/DerivedDataCache/Compressed.ddp not found, will not use a pak cache.
[2017.03.11-17.30.23:574][  0]LogDerivedDataCache: Unable to find inner node CompressedPak for hierarchical cache Hierarchy.
[2017.03.11-17.30.23:594][  0]LogDerivedDataCache:Display: Pak cache opened for reading ../../../Engine/DerivedDataCache/Compressed.ddp.
[2017.03.11-17.30.23:606][  0]LogDerivedDataCache: Using Local data cache path C:/Users/Ana/AppData/Local/UnrealEngine/Common/DerivedDataCache: Writable
[2017.03.11-17.30.23:817][  0]LogInit: Selected Device Profile: [Windows]
[2017.03.11-17.30.23:820][  0]LogContentStreaming: Texture pool size is 0.00 MB
[2017.03.11-17.30.24:034][  0]LogMeshUtilities: Using QuadricMeshReduction for automatic static mesh reduction
[2017.03.11-17.30.24:077][  0]LogSimplygon: Simplygon DLL not present - disabling.
[2017.03.11-17.30.24:129][  0]LogMeshUtilities: Using SimplygonSwarm for distributed automatic mesh merging
[2017.03.11-17.30.24:129][  0]LogMeshUtilities: No automatic skeletal mesh reduction module available
[2017.03.11-17.30.24:129][  0]LogMeshUtilities: No automatic mesh merging module available
[2017.03.11-17.30.24:679][  0]LogNetVersion: GetLocalNetworkVersion: CL: 3195953, ProjectName: practica2tcm, ProjectVersion: , EngineNetworkVersion: 2, GameNetworkVersion: 0, NetworkChecksum: 4020657222
[2017.03.11-17.30.24:742][  0]LogAssetRegistry: FAssetRegistry took 0.0223 seconds to start up
[2017.03.11-17.30.24:799][  0]LogPackageLocalizationCache: Processed 3 localized package path(s) for 1 prioritized culture(s) in 0.031227 seconds
[2017.03.11-17.30.24:804][  0]LogUObjectArray: 31946 objects as part of root set at end of initial load.
[2017.03.11-17.30.24:804][  0]LogUObjectAllocator: 6935848 out of 0 bytes used by permanent object pool.
[2017.03.11-17.30.24:804][  0]LogUObjectArray: CloseDisregardForGC: 0/0 objects in disregard for GC pool
[2017.03.11-17.30.24:867][  0]LogInit: WinSock: version 1.1 (2.2), MaxSocks=32767, MaxUdp=65467
[2017.03.11-17.30.25:620][  0]LogSlate: Using Freetype 2.6.0
[2017.03.11-17.30.25:620][  0]LogSlate: SlateFontCache - WITH_FREETYPE: 1, WITH_HARFBUZZ: 1
[2017.03.11-17.30.25:620][  0]LogSlate: SlateFontCache - WITH_FREETYPE: 1, WITH_HARFBUZZ: 1
[2017.03.11-17.30.26:415][  0]LogTcpMessaging: Initializing TcpMessaging bridge
[2017.03.11-17.30.26:459][  0]LogUdpMessaging: Initializing bridge on interface 0.0.0.0:0 to multicast group 230.0.0.1:6666.
[2017.03.11-17.30.26:769][  0]LogMaterial: Uniform references updated for custom material expression Custom.
[2017.03.11-17.30.27:175][  0]SourceControl: Info Source control is disabled
[2017.03.11-17.30.27:176][  0]SourceControl: Info Source control is disabled
[2017.03.11-17.30.27:226][  0]SourceControl: Info Source control is disabled
[2017.03.11-17.30.27:275][  0]SourceControl: Info Source control is disabled
[2017.03.11-17.30.28:599][  0]LogEngine: Initializing Engine...
[2017.03.11-17.30.28:600][  0]LogHMD: Failed to initialize OpenVR with code 110
[2017.03.11-17.30.28:854][  0]LogAIModule: Creating AISystem for world Untitled
[2017.03.11-17.30.28:861][  0]LogInit: XAudio2 using 'Altavoces (Realtek High Definition Audio)' : 2 channels at 48 kHz using 32 bits per sample (channel mask 0x3)
[2017.03.11-17.30.28:893][  0]LogInit: FAudioDevice initialized.
[2017.03.11-17.30.28:925][  0]LogDerivedDataCache: Saved boot cache 0.03s 50MB C:/Users/Ana/AppData/Local/UnrealEngine/4.14/DerivedDataCache/Boot.ddc.
[2017.03.11-17.30.28:937][  0]LogInit: Texture streaming: Enabled
[2017.03.11-17.30.29:135][  0]LogInit: Transaction tracking system initialized
[2017.03.11-17.30.29:486][  0]BlueprintLog: New page: Editor Load
[2017.03.11-17.30.30:377][  0]LocalizationService: Info Localization service is disabled
[2017.03.11-17.30.31:273][  0]LogConsoleResponse:Display: 
[2017.03.11-17.30.31:428][  0]LogCook:Display: Max memory allowance for cook 16384mb min free memory 0mb
[2017.03.11-17.30.31:428][  0]LogCook:Display: Mobile HDR setting 1
[2017.03.11-17.30.31:489][  0]LogFileCache: Scanning file cache for directory 'D:/university 3 MSA (TCM)/Segundo Trimestre/Motores de juegos/practica2/trunk/practica2/Content/' took 0.02s
[2017.03.11-17.30.32:510][  0]SourceControl: Info Source control is disabled
[2017.03.11-17.30.32:510][  0]Cmd: MAP LOAD FILE="D:/university 3 MSA (TCM)/Segundo Trimestre/Motores de juegos/practica2/trunk/practica2/Content/StarterContent/Maps/Minimal_Default.umap" TEMPLATE=0 SHOWPROGRESS=1 FEATURELEVEL=3
[2017.03.11-17.30.32:511][  0]LightingResults: New page: Lighting Build
[2017.03.11-17.30.32:558][  0]MapCheck: New page: Map Check
[2017.03.11-17.30.32:558][  0]LightingResults: New page: Lighting Build
[2017.03.11-17.30.34:391][  0]LogAIModule: Creating AISystem for world Minimal_Default
[2017.03.11-17.30.34:408][  0]LogEditorServer: Finished looking for orphan Actors (0.000 secs)
[2017.03.11-17.30.34:409][  0]Cmd: MAP CHECKDEP NOCLEARLOG
[2017.03.11-17.30.34:459][  0]MapCheck: Info Map check complete: 0 Error(s), 0 Warning(s), took 48.971ms to complete.
[2017.03.11-17.30.34:459][  0]LogFileHelpers: Loading map 'Minimal_Default' took 1.948
[2017.03.11-17.30.34:523][  0]LogWindowsTextInputMethodSystem:Display: IME system now deactivated.
[2017.03.11-17.30.34:675][  0]LogCollectionManager: Loaded 0 collections in 0.001847 seconds
[2017.03.11-17.30.34:767][  0]LogFileCache: Scanning file cache for directory 'D:/university 3 MSA (TCM)/Segundo Trimestre/Motores de juegos/practica2/trunk/practica2/Saved/Collections/' took 0.01s
[2017.03.11-17.30.34:767][  0]LogFileCache: Scanning file cache for directory 'D:/university 3 MSA (TCM)/Segundo Trimestre/Motores de juegos/practica2/trunk/practica2/Content/Developers/Ana/Collections/' took 0.01s
[2017.03.11-17.30.34:767][  0]LogFileCache: Scanning file cache for directory 'D:/university 3 MSA (TCM)/Segundo Trimestre/Motores de juegos/practica2/trunk/practica2/Content/Collections/' took 0.01s
[2017.03.11-17.30.34:767][  0]LogCollectionManager: Rebuilt the GUID cache for 0 collections in 0.000001 seconds
[2017.03.11-17.30.34:779][  0]LogContentBrowser: Native class hierarchy populated in 0.0094 seconds. Added 2190 classes and 428 folders.
[2017.03.11-17.30.34:824][  0]LogStats: UGameplayTagsManager::ConstructGameplayTagTree: Construct from data asset -  0.000 s
[2017.03.11-17.30.34:824][  0]LogStats: UGameplayTagsManager::ConstructGameplayTagTree: GameplayTagTreeChangedEvent.Broadcast -  0.000 s
[2017.03.11-17.30.34:825][  0]LogContentBrowser: Native class hierarchy updated for 'GameplayTags' in 0.0005 seconds. Added 13 classes and 0 folders.
[2017.03.11-17.30.34:891][  0]LogContentBrowser: Native class hierarchy updated for 'WidgetCarousel' in 0.0005 seconds. Added 0 classes and 0 folders.
[2017.03.11-17.30.35:200][  0]LogContentBrowser: Native class hierarchy updated for 'AddContentDialog' in 0.0005 seconds. Added 0 classes and 0 folders.
[2017.03.11-17.30.35:248][  0]LogContentBrowser: Native class hierarchy updated for 'SceneOutliner' in 0.0005 seconds. Added 1 classes and 2 folders.
[2017.03.11-17.30.35:408][  0]LogCrashTracker: Crashtracker disabled due to settings.
[2017.03.11-17.30.35:419][  0]LogUObjectGlobals:Warning: Failed to find object 'Class None.'
[2017.03.11-17.30.35:485][  0]LogContentBrowser: Native class hierarchy updated for 'HierarchicalLODOutliner' in 0.0006 seconds. Added 1 classes and 2 folders.
[2017.03.11-17.30.35:485][  0]LogLoad: (Engine Initialization) Total time: 17.69 seconds
[2017.03.11-17.30.35:486][  0]LogLoad: (Engine Initialization) Total Blueprint compile time: 0.27 seconds
[2017.03.11-17.30.35:486][  0]LogExternalProfiler: Found external profiler: VSPerf
[2017.03.11-17.30.35:486][  0]LogExternalProfiler: Using external profiler: VSPerf
[2017.03.11-17.30.35:503][  0]LogOcInput: OculusInput pre-init called
[2017.03.11-17.30.35:525][  0]LogContentStreaming: Texture pool size now 600 MB
[2017.03.11-17.30.35:746][  0]LogRenderer: Reallocating scene render targets to support 948x476 NumSamples 1 (Frame:2).
[2017.03.11-17.30.35:853][  1]LogAssetRegistry: Asset discovery search completed in 11.1329 seconds
[2017.03.11-17.30.35:853][  1]LogCollectionManager: Rebuilt the object cache for 0 collections in 0.000001 seconds (found 0 objects)
[2017.03.11-17.30.35:853][  1]LogCollectionManager: Fixed up redirectors for 0 collections in 0.000027 seconds (updated 0 objects)
[2017.03.11-17.30.38:234][131]LogEditorViewport: Clicking on Actor (LMB): PlayerStart (PlayerStart)
[2017.03.11-17.30.40:248][248]LogTemp: Repeting last play command: Selected Viewport
[2017.03.11-17.30.40:266][248]LogBlueprintUserMessages: Early PlayInEditor Detection: Level '/Game/StarterContent/Maps/Minimal_Default.Minimal_Default:PersistentLevel' has LevelScriptBlueprint '/Game/StarterContent/Maps/Minimal_Default.Minimal_Default:PersistentLevel.Minimal_Default' with GeneratedClass '/Game/StarterContent/Maps/Minimal_Default.Minimal_Default_C' with ClassGeneratedBy '/Game/StarterContent/Maps/Minimal_Default.Minimal_Default:PersistentLevel.Minimal_Default'
[2017.03.11-17.30.40:266][248]LogPlayLevel: PlayLevel: No blueprints needed recompiling
[2017.03.11-17.30.40:267][248]PIE: New page: PIE session: Minimal_Default (Mar 11, 2017, 7:30:40 PM)
[2017.03.11-17.30.40:267][248]LogPlayLevel: Creating play world package: /Game/StarterContent/Maps/UEDPIE_0_Minimal_Default
[2017.03.11-17.30.40:271][248]LogPlayLevel: PIE: StaticDuplicateObject took: (0.003709s)
[2017.03.11-17.30.40:272][248]LogAIModule: Creating AISystem for world Minimal_Default
[2017.03.11-17.30.40:272][248]LogPlayLevel: PIE: World Init took: (0.001367s)
[2017.03.11-17.30.40:272][248]LogPlayLevel: PIE: Created PIE world by copying editor world from /Game/StarterContent/Maps/Minimal_Default.Minimal_Default to /Game/StarterContent/Maps/UEDPIE_0_Minimal_Default.Minimal_Default (0.005508s)
[2017.03.11-17.30.40:294][248]LogInit: XAudio2 using 'Altavoces (Realtek High Definition Audio)' : 2 channels at 48 kHz using 32 bits per sample (channel mask 0x3)
[2017.03.11-17.30.40:305][248]LogInit: FAudioDevice initialized.
[2017.03.11-17.30.40:354][248]LogLoad: Game class is 'GameModeTecnocampus_C'
[2017.03.11-17.30.40:358][248]LogWorld: Bringing World /Game/StarterContent/Maps/UEDPIE_0_Minimal_Default.Minimal_Default up for play (max tick rate 60) at 2017.03.11-18.30.40
[2017.03.11-17.30.40:360][248]LogWorld: Bringing up level for play took: 0.004049
[2017.03.11-17.30.40:407][248]LogContentBrowser: Native class hierarchy updated for 'MovieSceneCapture' in 0.0005 seconds. Added 11 classes and 0 folders.
[2017.03.11-17.30.40:414][248]LogScriptCore:Warning: Script Msg: Attempted to access index 0 from array CallFunc_GetAllActorsOfClass_OutActors of length 0!
[2017.03.11-17.30.40:414][248]LogBlueprintUserMessages:Warning: SetTimer passed a bad function (SpawnEnemy) or object (None)
[2017.03.11-17.30.40:414][248]PIE: Info Play in editor start time for /Game/StarterContent/Maps/UEDPIE_0_Minimal_Default 0.163
[2017.03.11-17.30.40:415][248]LogBlueprintUserMessages: Late PlayInEditor Detection: Level '/Game/StarterContent/Maps/Minimal_Default.Minimal_Default:PersistentLevel' has LevelScriptBlueprint '/Game/StarterContent/Maps/Minimal_Default.Minimal_Default:PersistentLevel.Minimal_Default' with GeneratedClass '/Game/StarterContent/Maps/Minimal_Default.Minimal_Default_C' with ClassGeneratedBy '/Game/StarterContent/Maps/Minimal_Default.Minimal_Default:PersistentLevel.Minimal_Default'
[2017.03.11-17.30.40:415][248]LogInput:Error: Duplicate mapping of key Gamepad_LeftY for axis MoveForward
[2017.03.11-17.31.45:933][175]LogBlueprintUserMessages: Early EndPlayMap Detection: Level '/Game/StarterContent/Maps/Minimal_Default.Minimal_Default:PersistentLevel' has LevelScriptBlueprint '/Game/StarterContent/Maps/Minimal_Default.Minimal_Default:PersistentLevel.Minimal_Default' with GeneratedClass '/Game/StarterContent/Maps/Minimal_Default.Minimal_Default_C' with ClassGeneratedBy '/Game/StarterContent/Maps/Minimal_Default.Minimal_Default:PersistentLevel.Minimal_Default'
[2017.03.11-17.31.45:983][175]LogBlueprintUserMessages: Late EndPlayMap Detection: Level '/Game/StarterContent/Maps/Minimal_Default.Minimal_Default:PersistentLevel' has LevelScriptBlueprint '/Game/StarterContent/Maps/Minimal_Default.Minimal_Default:PersistentLevel.Minimal_Default' with GeneratedClass '/Game/StarterContent/Maps/Minimal_Default.Minimal_Default_C' with ClassGeneratedBy '/Game/StarterContent/Maps/Minimal_Default.Minimal_Default:PersistentLevel.Minimal_Default'
[2017.03.11-17.31.47:434][261]LogEditorViewport: Clicking on Actor (LMB): StaticMeshActor (Floor)
[2017.03.11-17.31.52:139][512]LogEditorViewport: Clicking on Actor (LMB): AI_BasicEnemy_C (AI_BasicEnemy)
[2017.03.11-17.31.55:520][705]LogEditorViewport: Clicking on Actor (LMB): AIBasicEnemy_BT_C (AIBasicEnemy_BT)
[2017.03.11-17.31.58:570][882]LogEditorViewport: Clicking on Actor (LMB): AI_BasicEnemy_C (AI_BasicEnemy)
[2017.03.11-17.32.05:369][275]LogTemp: Repeting last play command: Selected Viewport
[2017.03.11-17.32.05:390][275]LogBlueprintUserMessages: Early PlayInEditor Detection: Level '/Game/StarterContent/Maps/Minimal_Default.Minimal_Default:PersistentLevel' has LevelScriptBlueprint '/Game/StarterContent/Maps/Minimal_Default.Minimal_Default:PersistentLevel.Minimal_Default' with GeneratedClass '/Game/StarterContent/Maps/Minimal_Default.Minimal_Default_C' with ClassGeneratedBy '/Game/StarterContent/Maps/Minimal_Default.Minimal_Default:PersistentLevel.Minimal_Default'
[2017.03.11-17.32.05:390][275]LogPlayLevel: PlayLevel: No blueprints needed recompiling
[2017.03.11-17.32.05:390][275]PIE: New page: PIE session: Minimal_Default (Mar 11, 2017, 7:32:05 PM)
[2017.03.11-17.32.05:390][275]LogPlayLevel: Creating play world package: /Game/StarterContent/Maps/UEDPIE_0_Minimal_Default
[2017.03.11-17.32.05:394][275]LogPlayLevel: PIE: StaticDuplicateObject took: (0.003976s)
[2017.03.11-17.32.05:395][275]LogAIModule: Creating AISystem for world Minimal_Default
[2017.03.11-17.32.05:396][275]LogPlayLevel: PIE: World Init took: (0.001096s)
[2017.03.11-17.32.05:396][275]LogPlayLevel: PIE: Created PIE world by copying editor world from /Game/StarterContent/Maps/Minimal_Default.Minimal_Default to /Game/StarterContent/Maps/UEDPIE_0_Minimal_Default.Minimal_Default (0.005416s)
[2017.03.11-17.32.05:415][275]LogInit: XAudio2 using 'Altavoces (Realtek High Definition Audio)' : 2 channels at 48 kHz using 32 bits per sample (channel mask 0x3)
[2017.03.11-17.32.05:427][275]LogInit: FAudioDevice initialized.
[2017.03.11-17.32.05:459][275]LogLoad: Game class is 'GameModeTecnocampus_C'
[2017.03.11-17.32.05:464][275]LogWorld: Bringing World /Game/StarterContent/Maps/UEDPIE_0_Minimal_Default.Minimal_Default up for play (max tick rate 60) at 2017.03.11-18.32.05
[2017.03.11-17.32.05:465][275]LogWorld: Bringing up level for play took: 0.003695
[2017.03.11-17.32.05:468][275]LogScriptCore:Warning: Script Msg: Attempted to access index 0 from array CallFunc_GetAllActorsOfClass_OutActors of length 0!
[2017.03.11-17.32.05:468][275]LogBlueprintUserMessages:Warning: SetTimer passed a bad function (SpawnEnemy) or object (None)
[2017.03.11-17.32.05:468][275]PIE: Info Play in editor start time for /Game/StarterContent/Maps/UEDPIE_0_Minimal_Default -0.783
[2017.03.11-17.32.05:468][275]LogBlueprintUserMessages: Late PlayInEditor Detection: Level '/Game/StarterContent/Maps/Minimal_Default.Minimal_Default:PersistentLevel' has LevelScriptBlueprint '/Game/StarterContent/Maps/Minimal_Default.Minimal_Default:PersistentLevel.Minimal_Default' with GeneratedClass '/Game/StarterContent/Maps/Minimal_Default.Minimal_Default_C' with ClassGeneratedBy '/Game/StarterContent/Maps/Minimal_Default.Minimal_Default:PersistentLevel.Minimal_Default'
[2017.03.11-17.32.05:468][275]LogInput:Error: Duplicate mapping of key Gamepad_LeftY for axis MoveForward
[2017.03.11-17.32.25:167][444]Cmd: SELECT NONE
[2017.03.11-17.32.26:285][511]LogBlueprintUserMessages: Early EndPlayMap Detection: Level '/Game/StarterContent/Maps/Minimal_Default.Minimal_Default:PersistentLevel' has LevelScriptBlueprint '/Game/StarterContent/Maps/Minimal_Default.Minimal_Default:PersistentLevel.Minimal_Default' with GeneratedClass '/Game/StarterContent/Maps/Minimal_Default.Minimal_Default_C' with ClassGeneratedBy '/Game/StarterContent/Maps/Minimal_Default.Minimal_Default:PersistentLevel.Minimal_Default'
[2017.03.11-17.32.26:353][511]LogBlueprintUserMessages: Late EndPlayMap Detection: Level '/Game/StarterContent/Maps/Minimal_Default.Minimal_Default:PersistentLevel' has LevelScriptBlueprint '/Game/StarterContent/Maps/Minimal_Default.Minimal_Default:PersistentLevel.Minimal_Default' with GeneratedClass '/Game/StarterContent/Maps/Minimal_Default.Minimal_Default_C' with ClassGeneratedBy '/Game/StarterContent/Maps/Minimal_Default.Minimal_Default:PersistentLevel.Minimal_Default'
[2017.03.11-17.32.41:753][395]LogTemp: Repeting last play command: Selected Viewport
[2017.03.11-17.32.41:769][395]LogBlueprintUserMessages: Early PlayInEditor Detection: Level '/Game/StarterContent/Maps/Minimal_Default.Minimal_Default:PersistentLevel' has LevelScriptBlueprint '/Game/StarterContent/Maps/Minimal_Default.Minimal_Default:PersistentLevel.Minimal_Default' with GeneratedClass '/Game/StarterContent/Maps/Minimal_Default.Minimal_Default_C' with ClassGeneratedBy '/Game/StarterContent/Maps/Minimal_Default.Minimal_Default:PersistentLevel.Minimal_Default'
[2017.03.11-17.32.41:769][395]LogPlayLevel: PlayLevel: No blueprints needed recompiling
[2017.03.11-17.32.41:769][395]PIE: New page: PIE session: Minimal_Default (Mar 11, 2017, 7:32:41 PM)
[2017.03.11-17.32.41:769][395]LogPlayLevel: Creating play world package: /Game/StarterContent/Maps/UEDPIE_0_Minimal_Default
[2017.03.11-17.32.41:773][395]LogPlayLevel: PIE: StaticDuplicateObject took: (0.003856s)
[2017.03.11-17.32.41:773][395]LogAIModule: Creating AISystem for world Minimal_Default
[2017.03.11-17.32.41:773][395]LogPlayLevel: PIE: World Init took: (0.000544s)
[2017.03.11-17.32.41:773][395]LogPlayLevel: PIE: Created PIE world by copying editor world from /Game/StarterContent/Maps/Minimal_Default.Minimal_Default to /Game/StarterContent/Maps/UEDPIE_0_Minimal_Default.Minimal_Default (0.004636s)
[2017.03.11-17.32.41:783][395]LogInit: XAudio2 using 'Altavoces (Realtek High Definition Audio)' : 2 channels at 48 kHz using 32 bits per sample (channel mask 0x3)
[2017.03.11-17.32.41:793][395]LogInit: FAudioDevice initialized.
[2017.03.11-17.32.41:824][395]LogLoad: Game class is 'GameModeTecnocampus_C'
[2017.03.11-17.32.41:827][395]LogWorld: Bringing World /Game/StarterContent/Maps/UEDPIE_0_Minimal_Default.Minimal_Default up for play (max tick rate 60) at 2017.03.11-18.32.41
[2017.03.11-17.32.41:827][395]LogWorld: Bringing up level for play took: 0.002244
[2017.03.11-17.32.41:830][395]LogScriptCore:Warning: Script Msg: Attempted to access index 0 from array CallFunc_GetAllActorsOfClass_OutActors of length 0!
[2017.03.11-17.32.41:830][395]LogBlueprintUserMessages:Warning: SetTimer passed a bad function (SpawnEnemy) or object (None)
[2017.03.11-17.32.41:830][395]PIE: Info Play in editor start time for /Game/StarterContent/Maps/UEDPIE_0_Minimal_Default -0.42
[2017.03.11-17.32.41:830][395]LogBlueprintUserMessages: Late PlayInEditor Detection: Level '/Game/StarterContent/Maps/Minimal_Default.Minimal_Default:PersistentLevel' has LevelScriptBlueprint '/Game/StarterContent/Maps/Minimal_Default.Minimal_Default:PersistentLevel.Minimal_Default' with GeneratedClass '/Game/StarterContent/Maps/Minimal_Default.Minimal_Default_C' with ClassGeneratedBy '/Game/StarterContent/Maps/Minimal_Default.Minimal_Default:PersistentLevel.Minimal_Default'
[2017.03.11-17.32.41:831][395]LogInput:Error: Duplicate mapping of key Gamepad_LeftY for axis MoveForward
[2017.03.11-17.32.52:389][ 25]LogBlueprintUserMessages: Early EndPlayMap Detection: Level '/Game/StarterContent/Maps/Minimal_Default.Minimal_Default:PersistentLevel' has LevelScriptBlueprint '/Game/StarterContent/Maps/Minimal_Default.Minimal_Default:PersistentLevel.Minimal_Default' with GeneratedClass '/Game/StarterContent/Maps/Minimal_Default.Minimal_Default_C' with ClassGeneratedBy '/Game/StarterContent/Maps/Minimal_Default.Minimal_Default:PersistentLevel.Minimal_Default'
[2017.03.11-17.32.52:451][ 25]LogBlueprintUserMessages: Late EndPlayMap Detection: Level '/Game/StarterContent/Maps/Minimal_Default.Minimal_Default:PersistentLevel' has LevelScriptBlueprint '/Game/StarterContent/Maps/Minimal_Default.Minimal_Default:PersistentLevel.Minimal_Default' with GeneratedClass '/Game/StarterContent/Maps/Minimal_Default.Minimal_Default_C' with ClassGeneratedBy '/Game/StarterContent/Maps/Minimal_Default.Minimal_Default:PersistentLevel.Minimal_Default'
[2017.03.11-17.32.54:431][141]LogEditorViewport: Clicking on Actor (LMB): AI_BasicEnemy_C (AI_BasicEnemy)
[2017.03.11-17.32.55:484][202]Cmd: DELETE
[2017.03.11-17.32.55:484][202]Cmd: ACTOR DELETE
[2017.03.11-17.32.55:486][202]LogEditorActor: Deleted Actor: AI_BasicEnemy_C
[2017.03.11-17.32.55:496][202]LogEditorActor: Deleted 1 Actors (0.011 secs)
[2017.03.11-17.32.58:272][352]LogSavePackage: Save=120.02ms
[2017.03.11-17.32.58:272][352]LogSavePackage: Moving 'D:/university 3 MSA (TCM)/Segundo Trimestre/Motores de juegos/practica2/trunk/practica2/Saved/Minimal_DefaultD4BEB6AE4F3E905AA739DF86109C7F8C.tmp' to 'D:/university 3 MSA (TCM)/Segundo Trimestre/Motores de juegos/practica2/trunk/practica2/Content/StarterContent/Maps/Minimal_Default.umap'
[2017.03.11-17.32.58:276][352]LogSavePackage:Display: Finished SavePackage D:/university 3 MSA (TCM)/Segundo Trimestre/Motores de juegos/practica2/trunk/practica2/Content/StarterContent/Maps/Minimal_Default.umap
[2017.03.11-17.33.03:421][648]LogEditorViewport: Clicking on Actor (LMB): StaticMeshActor (Cube)
[2017.03.11-17.33.04:967][738]Cmd: DELETE
[2017.03.11-17.33.04:967][738]Cmd: ACTOR DELETE
[2017.03.11-17.33.04:968][738]LogEditorActor: Deleted Actor: StaticMeshActor
[2017.03.11-17.33.04:983][738]LogEditorActor: Deleted 1 Actors (0.016 secs)
[2017.03.11-17.33.06:643][834]Cmd: DELETE
[2017.03.11-17.33.06:643][834]Cmd: ACTOR DELETE
[2017.03.11-17.33.06:643][834]LogEditorActor: Deleted Actor: Brush
[2017.03.11-17.33.06:657][834]LogEditorActor: Deleted 1 Actors (0.015 secs)
[2017.03.11-17.33.08:333][933]LogEditorViewport: Clicking on Actor (LMB): StaticMeshActor (Cylinder)
[2017.03.11-17.33.23:632][810]LogEditorViewport: Clicking on Actor (LMB): AIBasicEnemy_BT_C (AIBasicEnemy_BT)
[2017.03.11-17.33.55:749][712]LogEditorViewport: Clicking on Actor (LMB): PathNode_Bp_C (PathNode_Bp3)
[2017.03.11-17.33.57:193][797]LogEditorViewport: Clicking on Actor (LMB): NavLinkProxy (NavLinkProxy1)
[2017.03.11-17.34.02:773][128]Cmd: TRANSACTION UNDO
[2017.03.11-17.34.02:773][128]LogEditorTransaction: Undo Clicking on Actors
[2017.03.11-17.34.03:019][141]Cmd: TRANSACTION UNDO
[2017.03.11-17.34.03:019][141]LogEditorTransaction: Undo Clicking on Actors
[2017.03.11-17.34.03:248][151]Cmd: TRANSACTION UNDO
[2017.03.11-17.34.03:248][151]LogEditorTransaction: Undo Clicking on Actors
[2017.03.11-17.34.03:574][169]Cmd: TRANSACTION UNDO
[2017.03.11-17.34.03:574][169]LogEditorTransaction: Undo Clicking on Actors
[2017.03.11-17.34.03:919][189]Cmd: TRANSACTION UNDO
[2017.03.11-17.34.03:919][189]LogEditorTransaction: Undo Clicking on Actors
[2017.03.11-17.34.04:247][208]Cmd: TRANSACTION UNDO
[2017.03.11-17.34.04:247][208]LogEditorTransaction: Undo Clicking on Actors
[2017.03.11-17.34.04:527][223]Cmd: TRANSACTION UNDO
[2017.03.11-17.34.04:527][223]LogEditorTransaction: Undo Clicking on Actors
[2017.03.11-17.34.04:840][242]Cmd: TRANSACTION UNDO
[2017.03.11-17.34.04:840][242]LogEditorTransaction: Undo Delete Actors
[2017.03.11-17.34.05:171][259]Cmd: TRANSACTION UNDO
[2017.03.11-17.34.05:171][259]LogEditorTransaction: Undo Select Brush Surface
[2017.03.11-17.34.05:598][283]Cmd: TRANSACTION UNDO
[2017.03.11-17.34.05:598][283]LogEditorTransaction: Undo Delete Actors
[2017.03.11-17.34.10:532][561]LogSavePackage: Save=113.13ms
[2017.03.11-17.34.10:532][561]LogSavePackage: Moving 'D:/university 3 MSA (TCM)/Segundo Trimestre/Motores de juegos/practica2/trunk/practica2/Saved/Minimal_DefaultD1E803A942AC70BE3693BAAC2074C4AF.tmp' to 'D:/university 3 MSA (TCM)/Segundo Trimestre/Motores de juegos/practica2/trunk/practica2/Content/StarterContent/Maps/Minimal_Default.umap'
[2017.03.11-17.34.10:533][561]LogSavePackage:Display: Finished SavePackage D:/university 3 MSA (TCM)/Segundo Trimestre/Motores de juegos/practica2/trunk/practica2/Content/StarterContent/Maps/Minimal_Default.umap
[2017.03.11-17.34.30:963][693]LogContentBrowser: Native class hierarchy updated for 'BlueprintGraph' in 0.0013 seconds. Added 111 classes and 0 folders.
[2017.03.11-17.35.07:198][298]BlueprintLog: New page: Compile pathFollowerControler_BT
[2017.03.11-17.35.08:151][330]LogSavePackage: Save=15.30ms
[2017.03.11-17.35.08:151][330]LogSavePackage: Moving 'D:/university 3 MSA (TCM)/Segundo Trimestre/Motores de juegos/practica2/trunk/practica2/Saved/pathFollowerControler_BTB0CCED5C46F8F199F62C96A975D8FDFB.tmp' to 'D:/university 3 MSA (TCM)/Segundo Trimestre/Motores de juegos/practica2/trunk/practica2/Content/Character/shooterBP/BT_PAthFollower/pathFollowerControler_BT.uasset'
[2017.03.11-17.35.08:155][330]LogSavePackage:Display: Finished SavePackage D:/university 3 MSA (TCM)/Segundo Trimestre/Motores de juegos/practica2/trunk/practica2/Content/Character/shooterBP/BT_PAthFollower/pathFollowerControler_BT.uasset
[2017.03.11-17.35.13:785][597]LogTemp: Repeting last play command: Selected Viewport
[2017.03.11-17.35.13:811][597]LogBlueprintUserMessages: Early PlayInEditor Detection: Level '/Game/StarterContent/Maps/Minimal_Default.Minimal_Default:PersistentLevel' has LevelScriptBlueprint '/Game/StarterContent/Maps/Minimal_Default.Minimal_Default:PersistentLevel.Minimal_Default' with GeneratedClass '/Game/StarterContent/Maps/Minimal_Default.Minimal_Default_C' with ClassGeneratedBy '/Game/StarterContent/Maps/Minimal_Default.Minimal_Default:PersistentLevel.Minimal_Default'
[2017.03.11-17.35.13:811][597]LogPlayLevel: PlayLevel: No blueprints needed recompiling
[2017.03.11-17.35.13:811][597]PIE: New page: PIE session: Minimal_Default (Mar 11, 2017, 7:35:13 PM)
[2017.03.11-17.35.13:811][597]LogPlayLevel: Creating play world package: /Game/StarterContent/Maps/UEDPIE_0_Minimal_Default
[2017.03.11-17.35.13:815][597]LogPlayLevel: PIE: StaticDuplicateObject took: (0.003656s)
[2017.03.11-17.35.13:815][597]LogAIModule: Creating AISystem for world Minimal_Default
[2017.03.11-17.35.13:815][597]LogPlayLevel: PIE: World Init took: (0.000665s)
[2017.03.11-17.35.13:816][597]LogPlayLevel: PIE: Created PIE world by copying editor world from /Game/StarterContent/Maps/Minimal_Default.Minimal_Default to /Game/StarterContent/Maps/UEDPIE_0_Minimal_Default.Minimal_Default (0.004571s)
[2017.03.11-17.35.13:830][597]LogInit: XAudio2 using 'Altavoces (Realtek High Definition Audio)' : 2 channels at 48 kHz using 32 bits per sample (channel mask 0x3)
[2017.03.11-17.35.13:840][597]LogInit: FAudioDevice initialized.
[2017.03.11-17.35.13:869][597]LogLoad: Game class is 'GameModeTecnocampus_C'
[2017.03.11-17.35.13:872][597]LogWorld: Bringing World /Game/StarterContent/Maps/UEDPIE_0_Minimal_Default.Minimal_Default up for play (max tick rate 60) at 2017.03.11-18.35.13
[2017.03.11-17.35.13:872][597]LogWorld: Bringing up level for play took: 0.001905
[2017.03.11-17.35.13:875][597]LogScriptCore:Warning: Script Msg: Attempted to access index 0 from array CallFunc_GetAllActorsOfClass_OutActors of length 0!
[2017.03.11-17.35.13:875][597]LogBlueprintUserMessages:Warning: SetTimer passed a bad function (SpawnEnemy) or object (None)
[2017.03.11-17.35.13:875][597]PIE: Info Play in editor start time for /Game/StarterContent/Maps/UEDPIE_0_Minimal_Default -0.376
[2017.03.11-17.35.13:875][597]LogBlueprintUserMessages: Late PlayInEditor Detection: Level '/Game/StarterContent/Maps/Minimal_Default.Minimal_Default:PersistentLevel' has LevelScriptBlueprint '/Game/StarterContent/Maps/Minimal_Default.Minimal_Default:PersistentLevel.Minimal_Default' with GeneratedClass '/Game/StarterContent/Maps/Minimal_Default.Minimal_Default_C' with ClassGeneratedBy '/Game/StarterContent/Maps/Minimal_Default.Minimal_Default:PersistentLevel.Minimal_Default'
[2017.03.11-17.35.13:876][597]LogInput:Error: Duplicate mapping of key Gamepad_LeftY for axis MoveForward
[2017.03.11-17.35.29:497][531]LogBlueprintUserMessages: Early EndPlayMap Detection: Level '/Game/StarterContent/Maps/Minimal_Default.Minimal_Default:PersistentLevel' has LevelScriptBlueprint '/Game/StarterContent/Maps/Minimal_Default.Minimal_Default:PersistentLevel.Minimal_Default' with GeneratedClass '/Game/StarterContent/Maps/Minimal_Default.Minimal_Default_C' with ClassGeneratedBy '/Game/StarterContent/Maps/Minimal_Default.Minimal_Default:PersistentLevel.Minimal_Default'
[2017.03.11-17.35.29:544][531]LogBlueprintUserMessages: Late EndPlayMap Detection: Level '/Game/StarterContent/Maps/Minimal_Default.Minimal_Default:PersistentLevel' has LevelScriptBlueprint '/Game/StarterContent/Maps/Minimal_Default.Minimal_Default:PersistentLevel.Minimal_Default' with GeneratedClass '/Game/StarterContent/Maps/Minimal_Default.Minimal_Default_C' with ClassGeneratedBy '/Game/StarterContent/Maps/Minimal_Default.Minimal_Default:PersistentLevel.Minimal_Default'
[2017.03.11-17.37.49:953][473]LogSavePackage: Save=145.97ms
[2017.03.11-17.37.49:953][473]LogSavePackage: Moving 'D:/university 3 MSA (TCM)/Segundo Trimestre/Motores de juegos/practica2/trunk/practica2/Saved/Minimal_DefaultE7E9D4284A052D7E71E3368B8FE2D51F.tmp' to 'D:/university 3 MSA (TCM)/Segundo Trimestre/Motores de juegos/practica2/trunk/practica2/Content/StarterContent/Maps/Minimal_Default.umap'
[2017.03.11-17.37.49:954][473]LogSavePackage:Display: Finished SavePackage D:/university 3 MSA (TCM)/Segundo Trimestre/Motores de juegos/practica2/trunk/practica2/Content/StarterContent/Maps/Minimal_Default.umap
[2017.03.11-17.37.51:863][576]Cmd: QUIT_EDITOR
[2017.03.11-17.37.52:316][576]LogWindowsTextInputMethodSystem:Display: IME system now deactivated.
[2017.03.11-17.37.52:342][576]LogExit: Preparing to exit.
[2017.03.11-17.37.52:849][576]LogExit: Editor shut down
[2017.03.11-17.37.52:850][576]LogExit: Transaction tracking system shut down
[2017.03.11-17.37.52:947][576]LogObj: Freed 0b from 0 cluster array pools.
[2017.03.11-17.37.52:947][576]LogExit: Object subsystem successfully closed.
[2017.03.11-17.37.52:965][576]LogD3D11RHI: Shutdown
[2017.03.11-17.37.52:965][576]LogD3D11RHI: CleanupD3DDevice
[2017.03.11-17.37.53:075][576]LogD3D11RHI: ~FD3D11DynamicRHI
[2017.03.11-17.37.53:090][576]LogHttp:Display: Http module shutting down, but needs to wait on 1 outstanding Http requests:
[2017.03.11-17.37.53:090][576]LogHttp:Display: 	verb=[POST] url=[https://datarouter.ol.epicgames.com/datarouter/api/v1/public/data?SessionID=%7B144523B2-43F2-B6BF-9C9B-15B47F8CF61F%7D&AppID=UEEditor.Rocket.Release&AppVersion=4.14.3-3249277%2B%2B%2BUE4%2BRelease-4.14&UserID=2ac47d604013ea4a248b62bb873cb386%7Cf4919b62b5784189a65dbd2eb5370cbe%7C7c201a03-e861-4a0f-ad13-3c007eb45f22&AppEnvironment=datacollector-binary&UploadType=eteventstream] status=Processing
[2017.03.11-17.37.53:103][576]LogModuleManager: Shutting down and abandoning module BlueprintGraph (244)
[2017.03.11-17.37.53:103][576]LogModuleManager: Shutting down and abandoning module BlueprintProfiler (243)
[2017.03.11-17.37.53:103][576]LogModuleManager: Shutting down and abandoning module MovieSceneCapture (242)
[2017.03.11-17.37.53:103][576]LogModuleManager: Shutting down and abandoning module HierarchicalLODOutliner (241)
[2017.03.11-17.37.53:103][576]LogModuleManager: Shutting down and abandoning module CrashTracker (240)
[2017.03.11-17.37.53:103][576]LogModuleManager: Shutting down and abandoning module SceneOutliner (239)
[2017.03.11-17.37.53:103][576]LogModuleManager: Shutting down and abandoning module WidgetCarousel (238)
[2017.03.11-17.37.53:103][576]LogModuleManager: Shutting down and abandoning module AddContentDialog (237)
[2017.03.11-17.37.53:103][576]LogDirectoryWatcher: A directory notification for 'C:/Program Files (x86)/Epic Games/4.14/FeaturePacks/' was aborted.
[2017.03.11-17.37.53:104][576]LogModuleManager: Shutting down and abandoning module GameplayTags (236)
[2017.03.11-17.37.53:104][576]LogModuleManager: Shutting down and abandoning module EditorWidgets (235)
[2017.03.11-17.37.53:104][576]LogModuleManager: Shutting down and abandoning module CollectionManager (234)
[2017.03.11-17.37.53:104][576]LogDirectoryWatcher: A directory notification for 'D:/university 3 MSA (TCM)/Segundo Trimestre/Motores de juegos/practica2/trunk/practica2/Content/Collections/' was aborted.
[2017.03.11-17.37.53:104][576]LogDirectoryWatcher: A directory notification for 'D:/university 3 MSA (TCM)/Segundo Trimestre/Motores de juegos/practica2/trunk/practica2/Content/Developers/Ana/Collections/' was aborted.
[2017.03.11-17.37.53:104][576]LogDirectoryWatcher: A directory notification for 'D:/university 3 MSA (TCM)/Segundo Trimestre/Motores de juegos/practica2/trunk/practica2/Saved/Collections/' was aborted.
[2017.03.11-17.37.53:105][576]LogModuleManager: Shutting down and abandoning module StatsViewer (233)
[2017.03.11-17.37.53:105][576]LogModuleManager: Shutting down and abandoning module FoliageEdit (232)
[2017.03.11-17.37.53:105][576]LogModuleManager: Shutting down and abandoning module LandscapeEditor (231)
[2017.03.11-17.37.53:105][576]LogModuleManager: Shutting down and abandoning module SceneDepthPickerMode (230)
[2017.03.11-17.37.53:105][576]LogModuleManager: Shutting down and abandoning module ActorPickerMode (229)
[2017.03.11-17.37.53:105][576]LogModuleManager: Shutting down and abandoning module GeometryMode (228)
[2017.03.11-17.37.53:105][576]LogModuleManager: Shutting down and abandoning module TextureAlignMode (227)
[2017.03.11-17.37.53:105][576]LogModuleManager: Shutting down and abandoning module BspMode (226)
[2017.03.11-17.37.53:105][576]LogModuleManager: Shutting down and abandoning module HardwareSurvey (225)
[2017.03.11-17.37.53:105][576]LogModuleManager: Shutting down and abandoning module SequenceRecorderSections (224)
[2017.03.11-17.37.53:105][576]LogModuleManager: Shutting down and abandoning module AutomationWorker (223)
[2017.03.11-17.37.53:105][576]LogModuleManager: Shutting down and abandoning module MatineeToLevelSequence (222)
[2017.03.11-17.37.53:105][576]LogModuleManager: Shutting down and abandoning module PlacementMode (221)
[2017.03.11-17.37.53:105][576]LogModuleManager: Shutting down and abandoning module LevelSequenceEditor (220)
[2017.03.11-17.37.53:105][576]LogModuleManager: Shutting down and abandoning module WmfMediaFactory (219)
[2017.03.11-17.37.53:105][576]LogModuleManager: Shutting down and abandoning module WmfMediaEditor (218)
[2017.03.11-17.37.53:105][576]LogModuleManager: Shutting down and abandoning module AvfMediaFactory (217)
[2017.03.11-17.37.53:105][576]LogModuleManager: Shutting down and abandoning module AvfMediaEditor (216)
[2017.03.11-17.37.53:105][576]LogModuleManager: Shutting down and abandoning module Media (215)
[2017.03.11-17.37.53:105][576]LogModuleManager: Shutting down and abandoning module AndroidMediaFactory (214)
[2017.03.11-17.37.53:105][576]LogModuleManager: Shutting down and abandoning module AndroidMediaEditor (213)
[2017.03.11-17.37.53:105][576]LogModuleManager: Shutting down and abandoning module CharacterAI (212)
[2017.03.11-17.37.53:105][576]LogModuleManager: Shutting down and abandoning module SequenceRecorder (211)
[2017.03.11-17.37.53:105][576]LogModuleManager: Shutting down and abandoning module AudioCapture (210)
[2017.03.11-17.37.53:105][576]LogModuleManager: Shutting down and abandoning module SmartSnapping (209)
[2017.03.11-17.37.53:105][576]LogModuleManager: Shutting down and abandoning module SessionServices (208)
[2017.03.11-17.37.53:105][576]LogModuleManager: Shutting down and abandoning module ViewportSnapping (207)
[2017.03.11-17.37.53:105][576]LogModuleManager: Shutting down and abandoning module ViewportInteraction (206)
[2017.03.11-17.37.53:105][576]LogModuleManager: Shutting down and abandoning module LogVisualizer (205)
[2017.03.11-17.37.53:105][576]LogModuleManager: Shutting down and abandoning module GameProjectGeneration (204)
[2017.03.11-17.37.53:105][576]LogModuleManager: Shutting down and abandoning module IntroTutorials (203)
[2017.03.11-17.37.53:105][576]LogModuleManager: Shutting down and abandoning module EditorLiveStreaming (202)
[2017.03.11-17.37.53:105][576]LogModuleManager: Shutting down and abandoning module IOSPlatformEditor (201)
[2017.03.11-17.37.53:105][576]LogModuleManager: Shutting down and abandoning module HTML5PlatformEditor (200)
[2017.03.11-17.37.53:105][576]LogModuleManager: Shutting down and abandoning module AndroidDeviceDetection (199)
[2017.03.11-17.37.53:882][576]LogModuleManager: Shutting down and abandoning module AndroidPlatformEditor (198)
[2017.03.11-17.37.53:882][576]LogModuleManager: Shutting down and abandoning module IOSRuntimeSettings (197)
[2017.03.11-17.37.53:882][576]LogModuleManager: Shutting down and abandoning module AndroidRuntimeSettings (196)
[2017.03.11-17.37.53:882][576]LogModuleManager: Shutting down and abandoning module InputBindingEditor (195)
[2017.03.11-17.37.53:882][576]LogModuleManager: Shutting down and abandoning module NiagaraEditor (194)
[2017.03.11-17.37.53:882][576]LogModuleManager: Shutting down and abandoning module MergeActors (193)
[2017.03.11-17.37.53:882][576]LogModuleManager: Shutting down and abandoning module SizeMap (192)
[2017.03.11-17.37.53:882][576]LogModuleManager: Shutting down and abandoning module TreeMap (191)
[2017.03.11-17.37.53:882][576]LogModuleManager: Shutting down and abandoning module ReferenceViewer (190)
[2017.03.11-17.37.53:882][576]LogModuleManager: Shutting down and abandoning module LocalizationService (189)
[2017.03.11-17.37.53:882][576]LogModuleManager: Shutting down and abandoning module LocalizationDashboard (188)
[2017.03.11-17.37.53:882][576]LogModuleManager: Shutting down and abandoning module HardwareTargeting (187)
[2017.03.11-17.37.53:882][576]LogModuleManager: Shutting down and abandoning module DeviceProfileEditor (186)
[2017.03.11-17.37.53:882][576]LogModuleManager: Shutting down and abandoning module UndoHistory (185)
[2017.03.11-17.37.53:882][576]LogModuleManager: Shutting down and abandoning module UserFeedback (184)
[2017.03.11-17.37.53:882][576]LogModuleManager: Shutting down and abandoning module XmlParser (183)
[2017.03.11-17.37.53:882][576]LogModuleManager: Shutting down and abandoning module Blutility (182)
[2017.03.11-17.37.53:882][576]LogModuleManager: Shutting down and abandoning module ProjectTargetPlatformEditor (181)
[2017.03.11-17.37.53:883][576]LogModuleManager: Shutting down and abandoning module ProjectSettingsViewer (180)
[2017.03.11-17.37.53:883][576]LogModuleManager: Shutting down and abandoning module EditorSettingsViewer (179)
[2017.03.11-17.37.53:883][576]LogModuleManager: Shutting down and abandoning module SettingsEditor (178)
[2017.03.11-17.37.53:883][576]LogModuleManager: Shutting down and abandoning module ProjectLauncher (177)
[2017.03.11-17.37.53:883][576]LogModuleManager: Shutting down and abandoning module SessionFrontend (176)
[2017.03.11-17.37.53:883][576]LogModuleManager: Shutting down and abandoning module ProfilerClient (175)
[2017.03.11-17.37.53:883][576]LogModuleManager: Shutting down and abandoning module TargetDeviceServices (174)
[2017.03.11-17.37.53:883][576]LogModuleManager: Shutting down and abandoning module DeviceManager (173)
[2017.03.11-17.37.53:926][576]LogModuleManager: Shutting down and abandoning module AutomationController (172)
[2017.03.11-17.37.53:926][576]LogModuleManager: Shutting down and abandoning module AutomationWindow (171)
[2017.03.11-17.37.53:926][576]LogModuleManager: Shutting down and abandoning module Layers (170)
[2017.03.11-17.37.53:926][576]LogModuleManager: Shutting down and abandoning module ComponentVisualizers (169)
[2017.03.11-17.37.53:926][576]LogModuleManager: Shutting down and abandoning module DetailCustomizations (168)
[2017.03.11-17.37.53:926][576]LogModuleManager: Shutting down and abandoning module PackagesDialog (167)
[2017.03.11-17.37.53:926][576]LogModuleManager: Shutting down and abandoning module AnimGraph (166)
[2017.03.11-17.37.53:926][576]LogModuleManager: Shutting down and abandoning module Persona (165)
[2017.03.11-17.37.53:926][576]LogModuleManager: Shutting down and abandoning module Kismet (164)
[2017.03.11-17.37.53:933][576]LogModuleManager: Shutting down and abandoning module GraphEditor (163)
[2017.03.11-17.37.53:933][576]LogModuleManager: Shutting down and abandoning module ClassViewer (162)
[2017.03.11-17.37.53:933][576]LogModuleManager: Shutting down and abandoning module Toolbox (161)
[2017.03.11-17.37.53:933][576]LogModuleManager: Shutting down and abandoning module ModuleUI (160)
[2017.03.11-17.37.53:933][576]LogModuleManager: Shutting down and abandoning module MovieSceneTools (159)
[2017.03.11-17.37.53:933][576]LogModuleManager: Shutting down and abandoning module OutputLog (158)
[2017.03.11-17.37.53:933][576]LogModuleManager: Shutting down and abandoning module GammaUI (157)
[2017.03.11-17.37.53:933][576]LogModuleManager: Shutting down and abandoning module Documentation (156)
[2017.03.11-17.37.53:933][576]LogModuleManager: Shutting down and abandoning module Niagara (155)
[2017.03.11-17.37.53:933][576]LogModuleManager: Shutting down and abandoning module StreamingPauseRendering (154)
[2017.03.11-17.37.53:933][576]LogModuleManager: Shutting down and abandoning module AnalyticsET (153)
[2017.03.11-17.37.53:933][576]LogModuleManager: Shutting down and abandoning module PortalServices (152)
[2017.03.11-17.37.53:933][576]LogModuleManager: Shutting down and abandoning module PortalRpc (151)
[2017.03.11-17.37.53:933][576]LogModuleManager: Shutting down and abandoning module MessagingRpc (150)
[2017.03.11-17.37.53:933][576]LogModuleManager: Shutting down and abandoning module GameplayDebugger (149)
[2017.03.11-17.37.53:933][576]LogModuleManager: Shutting down and abandoning module AITestSuite (148)
[2017.03.11-17.37.53:933][576]LogModuleManager: Shutting down and abandoning module AIModule (147)
[2017.03.11-17.37.53:933][576]LogModuleManager: Shutting down and abandoning module ProfilerService (146)
[2017.03.11-17.37.54:158][576]LogModuleManager: Shutting down and abandoning module TaskGraph (145)
[2017.03.11-17.37.54:158][576]LogModuleManager: Shutting down and abandoning module SlateRemote (144)
[2017.03.11-17.37.54:158][576]LogModuleManager: Shutting down and abandoning module SteamVRController (143)
[2017.03.11-17.37.54:158][576]LogModuleManager: Shutting down and abandoning module SteamVR (142)
[2017.03.11-17.37.54:158][576]LogModuleManager: Shutting down and abandoning module ProceduralMeshComponentEditor (141)
[2017.03.11-17.37.54:158][576]LogModuleManager: Shutting down and abandoning module ProceduralMeshComponent (140)
[2017.03.11-17.37.54:158][576]LogModuleManager: Shutting down and abandoning module OculusLibrary (139)
[2017.03.11-17.37.54:158][576]LogModuleManager: Shutting down and abandoning module OculusInput (138)
[2017.03.11-17.37.54:158][576]LogModuleManager: Shutting down and abandoning module MobilePatchingUtils (137)
[2017.03.11-17.37.54:158][576]LogModuleManager: Shutting down and abandoning module CustomMeshComponent (136)
[2017.03.11-17.37.54:158][576]LogModuleManager: Shutting down and abandoning module CableComponent (135)
[2017.03.11-17.37.54:158][576]LogModuleManager: Shutting down and abandoning module ArchVisCharacter (134)
[2017.03.11-17.37.54:158][576]LogModuleManager: Shutting down and abandoning module MediaPlayerEditor (132)
[2017.03.11-17.37.54:158][576]LogModuleManager: Shutting down and abandoning module HTML5Networking (131)
[2017.03.11-17.37.54:158][576]LogModuleManager: Shutting down and abandoning module GeometryCacheEd (130)
[2017.03.11-17.37.54:158][576]LogModuleManager: Shutting down and abandoning module GeometryCache (129)
[2017.03.11-17.37.54:158][576]LogModuleManager: Shutting down and abandoning module AlembicLibrary (128)
[2017.03.11-17.37.54:158][576]LogModuleManager: Shutting down and abandoning module AlembicImporter (127)
[2017.03.11-17.37.54:158][576]LogModuleManager: Shutting down and abandoning module SuperSearch (126)
[2017.03.11-17.37.54:158][576]LogModuleManager: Shutting down and abandoning module SuperSearchEditor (125)
[2017.03.11-17.37.54:158][576]LogModuleManager: Shutting down and abandoning module SpeedTreeImporter (124)
[2017.03.11-17.37.54:158][576]LogModuleManager: Shutting down and abandoning module PluginBrowser (123)
[2017.03.11-17.37.54:158][576]LogModuleManager: Shutting down and abandoning module MobileLauncherProfileWizard (122)
[2017.03.11-17.37.54:158][576]LogModuleManager: Shutting down and abandoning module EpicSurvey (121)
[2017.03.11-17.37.54:158][576]LogModuleManager: Shutting down and abandoning module DesktopPlatform (120)
[2017.03.11-17.37.54:158][576]LogModuleManager: Shutting down and abandoning module VisualStudioSourceCodeAccess (119)
[2017.03.11-17.37.54:158][576]LogModuleManager: Shutting down and abandoning module UObjectPlugin (118)
[2017.03.11-17.37.54:158][576]LogModuleManager: Shutting down and abandoning module SubversionSourceControl (117)
[2017.03.11-17.37.54:158][576]LogModuleManager: Shutting down and abandoning module PerforceSourceControl (116)
[2017.03.11-17.37.54:158][576]LogModuleManager: Shutting down and abandoning module SourceControl (115)
[2017.03.11-17.37.54:158][576]LogModuleManager: Shutting down and abandoning module GitSourceControl (114)
[2017.03.11-17.37.54:158][576]LogModuleManager: Shutting down and abandoning module LightPropagationVolumeEditor (113)
[2017.03.11-17.37.54:158][576]LogModuleManager: Shutting down and abandoning module PaperTiledImporter (112)
[2017.03.11-17.37.54:158][576]LogModuleManager: Shutting down and abandoning module PaperSpriteSheetImporter (111)
[2017.03.11-17.37.54:158][576]LogModuleManager: Shutting down and abandoning module MeshPaint (110)
[2017.03.11-17.37.54:158][576]LogModuleManager: Shutting down and abandoning module PixelInspectorModule (109)
[2017.03.11-17.37.54:158][576]LogModuleManager: Shutting down and abandoning module HotReload (108)
[2017.03.11-17.37.54:159][576]LogModuleManager: Shutting down and abandoning module MainFrame (107)
[2017.03.11-17.37.54:159][576]LogModuleManager: Shutting down and abandoning module LevelEditor (106)
[2017.03.11-17.37.54:160][576]LogModuleManager: Shutting down and abandoning module ContentBrowser (105)
[2017.03.11-17.37.54:161][576]LogModuleManager: Shutting down and abandoning module Paper2DEditor (104)
[2017.03.11-17.37.54:161][576]LogModuleManager: Shutting down and abandoning module UdpMessaging (103)
[2017.03.11-17.37.54:261][576]LogModuleManager: Shutting down and abandoning module TcpMessaging (102)
[2017.03.11-17.37.54:362][576]LogModuleManager: Shutting down and abandoning module LightPropagationVolumeRuntime (101)
[2017.03.11-17.37.54:362][576]LogModuleManager: Shutting down and abandoning module Paper2D (100)
[2017.03.11-17.37.54:362][576]LogModuleManager: Shutting down and abandoning module WindowsMoviePlayer (99)
[2017.03.11-17.37.54:362][576]LogModuleManager: Shutting down and abandoning module WmfMedia (98)
[2017.03.11-17.37.54:362][576]LogModuleManager: Shutting down and abandoning module MediaAssets (97)
[2017.03.11-17.37.54:362][576]LogModuleManager: Shutting down and abandoning module GameLiveStreaming (96)
[2017.03.11-17.37.54:363][576]LogModuleManager: Shutting down and abandoning module GameplayTagsEditor (95)
[2017.03.11-17.37.54:363][576]LogModuleManager: Shutting down and abandoning module VREditor (94)
[2017.03.11-17.37.54:363][576]LogModuleManager: Shutting down and abandoning module GameplayTasksEditor (93)
[2017.03.11-17.37.54:363][576]LogModuleManager: Shutting down and abandoning module BehaviorTreeEditor (92)
[2017.03.11-17.37.54:363][576]LogModuleManager: Shutting down and abandoning module FunctionalTesting (91)
[2017.03.11-17.37.54:363][576]LogModuleManager: Shutting down and abandoning module CollisionAnalyzer (90)
[2017.03.11-17.37.54:364][576]LogModuleManager: Shutting down and abandoning module Sequencer (89)
[2017.03.11-17.37.54:364][576]LogModuleManager: Shutting down and abandoning module WorkspaceMenuStructure (88)
[2017.03.11-17.37.54:364][576]LogModuleManager: Shutting down and abandoning module MessageLog (87)
[2017.03.11-17.37.54:364][576]LogModuleManager: Shutting down and abandoning module AssetTools (86)
[2017.03.11-17.37.54:364][576]LogModuleManager: Shutting down and abandoning module UMGEditor (85)
[2017.03.11-17.37.54:364][576]LogModuleManager: Shutting down and abandoning module UMG (84)
[2017.03.11-17.37.54:364][576]LogModuleManager: Shutting down and abandoning module SlateReflector (83)
[2017.03.11-17.37.54:364][576]LogModuleManager: Shutting down and abandoning module Slate (82)
[2017.03.11-17.37.54:364][576]LogModuleManager: Shutting down and abandoning module EditorStyle (81)
[2017.03.11-17.37.54:367][576]LogModuleManager: Shutting down and abandoning module SourceCodeAccess (80)
[2017.03.11-17.37.54:367][576]LogModuleManager: Shutting down and abandoning module HeadMountedDisplay (79)
[2017.03.11-17.37.54:368][576]LogModuleManager: Shutting down and abandoning module XAudio2 (78)
[2017.03.11-17.37.54:368][576]LogModuleManager: Shutting down and abandoning module Networking (76)
[2017.03.11-17.37.54:368][576]LogModuleManager: Shutting down and abandoning module Core (75)
[2017.03.11-17.37.54:368][576]LogModuleManager: Shutting down and abandoning module DirectoryWatcher (74)
[2017.03.11-17.37.54:368][576]LogDirectoryWatcher: A directory notification for '../../../Engine/Content/' was aborted.
[2017.03.11-17.37.54:368][576]LogDirectoryWatcher: A directory notification for 'D:/university 3 MSA (TCM)/Segundo Trimestre/Motores de juegos/practica2/trunk/practica2/Content/' was aborted.
[2017.03.11-17.37.54:368][576]LogDirectoryWatcher: A directory notification for '../../../Engine/Plugins/2D/Paper2D/Content/' was aborted.
[2017.03.11-17.37.54:369][576]LogModuleManager: Shutting down and abandoning module AssetRegistry (73)
[2017.03.11-17.37.54:515][576]LogModuleManager: Shutting down and abandoning module KismetCompiler (72)
[2017.03.11-17.37.54:515][576]LogModuleManager: Shutting down and abandoning module PhysXFormats (71)
[2017.03.11-17.37.54:515][576]LogModuleManager: Shutting down and abandoning module SimplygonSwarm (70)
[2017.03.11-17.37.54:515][576]LogModuleManager: Shutting down and abandoning module SimplygonMeshReduction (69)
[2017.03.11-17.37.54:515][576]LogModuleManager: Shutting down and abandoning module QuadricMeshReduction (68)
[2017.03.11-17.37.54:515][576]LogModuleManager: Shutting down and abandoning module PropertyEditor (67)
[2017.03.11-17.37.54:515][576]LogModuleManager: Shutting down and abandoning module MeshUtilities (66)
[2017.03.11-17.37.54:515][576]LogModuleManager: Shutting down and abandoning module DerivedDataCache (65)
[2017.03.11-17.37.54:550][576]LogDerivedDataCache: Shutdown
[2017.03.11-17.37.54:550][576]LogModuleManager: Shutting down and abandoning module VulkanShaderFormat (64)
[2017.03.11-17.37.54:550][576]LogModuleManager: Shutting down and abandoning module ShaderFormatOpenGL (63)
[2017.03.11-17.37.54:550][576]LogModuleManager: Shutting down and abandoning module ShaderFormatD3D (62)
[2017.03.11-17.37.54:550][576]LogModuleManager: Shutting down and abandoning module MetalShaderFormat (61)
[2017.03.11-17.37.54:550][576]LogModuleManager: Shutting down and abandoning module TextureFormatUncompressed (60)
[2017.03.11-17.37.54:550][576]LogModuleManager: Shutting down and abandoning module TextureFormatPVR (59)
[2017.03.11-17.37.54:550][576]LogModuleManager: Shutting down and abandoning module TextureFormatDXT (58)
[2017.03.11-17.37.54:550][576]LogModuleManager: Shutting down and abandoning module TextureFormatIntelISPCTexComp (57)
[2017.03.11-17.37.54:550][576]LogModuleManager: Shutting down and abandoning module ImageWrapper (56)
[2017.03.11-17.37.54:550][576]LogModuleManager: Shutting down and abandoning module TextureFormatASTC (55)
[2017.03.11-17.37.54:550][576]LogModuleManager: Shutting down and abandoning module TextureFormatAndroid (54)
[2017.03.11-17.37.54:550][576]LogModuleManager: Shutting down and abandoning module AudioFormatOpus (53)
[2017.03.11-17.37.54:550][576]LogModuleManager: Shutting down and abandoning module AudioFormatOgg (52)
[2017.03.11-17.37.54:550][576]LogModuleManager: Shutting down and abandoning module AudioFormatADPCM (51)
[2017.03.11-17.37.54:550][576]LogModuleManager: Shutting down and abandoning module LinuxTargetPlatform (50)
[2017.03.11-17.37.54:550][576]LogModuleManager: Shutting down and abandoning module LinuxServerTargetPlatform (49)
[2017.03.11-17.37.54:550][576]LogModuleManager: Shutting down and abandoning module LinuxNoEditorTargetPlatform (48)
[2017.03.11-17.37.54:550][576]LogModuleManager: Shutting down and abandoning module LinuxClientTargetPlatform (47)
[2017.03.11-17.37.54:550][576]LogModuleManager: Shutting down and abandoning module TVOSTargetPlatform (46)
[2017.03.11-17.37.54:550][576]LogModuleManager: Shutting down and abandoning module Messaging (45)
[2017.03.11-17.37.54:550][576]LogModuleManager: Shutting down and abandoning module IOSTargetPlatform (44)
[2017.03.11-17.37.54:550][576]LogModuleManager: Shutting down and abandoning module HTML5TargetPlatform (43)
[2017.03.11-17.37.54:550][576]LogModuleManager: Shutting down and abandoning module Android_PVRTCTargetPlatform (42)
[2017.03.11-17.37.54:550][576]LogModuleManager: Shutting down and abandoning module Android_MultiTargetPlatform (41)
[2017.03.11-17.37.54:550][576]LogModuleManager: Shutting down and abandoning module Android_ETC2TargetPlatform (40)
[2017.03.11-17.37.54:550][576]LogModuleManager: Shutting down and abandoning module Android_ETC1TargetPlatform (39)
[2017.03.11-17.37.54:550][576]LogModuleManager: Shutting down and abandoning module Android_DXTTargetPlatform (38)
[2017.03.11-17.37.54:550][576]LogModuleManager: Shutting down and abandoning module Android_ATCTargetPlatform (37)
[2017.03.11-17.37.54:550][576]LogModuleManager: Shutting down and abandoning module Android_ASTCTargetPlatform (36)
[2017.03.11-17.37.54:550][576]LogModuleManager: Shutting down and abandoning module AndroidTargetPlatform (35)
[2017.03.11-17.37.54:550][576]LogModuleManager: Shutting down and abandoning module WindowsTargetPlatform (34)
[2017.03.11-17.37.54:550][576]LogModuleManager: Shutting down and abandoning module WindowsServerTargetPlatform (33)
[2017.03.11-17.37.54:550][576]LogModuleManager: Shutting down and abandoning module WindowsNoEditorTargetPlatform (32)
[2017.03.11-17.37.54:550][576]LogModuleManager: Shutting down and abandoning module WindowsClientTargetPlatform (31)
[2017.03.11-17.37.54:550][576]LogModuleManager: Shutting down and abandoning module MacTargetPlatform (30)
[2017.03.11-17.37.54:550][576]LogModuleManager: Shutting down and abandoning module MacServerTargetPlatform (29)
[2017.03.11-17.37.54:550][576]LogModuleManager: Shutting down and abandoning module MacNoEditorTargetPlatform (28)
[2017.03.11-17.37.54:550][576]LogModuleManager: Shutting down and abandoning module MacClientTargetPlatform (27)
[2017.03.11-17.37.54:550][576]LogModuleManager: Shutting down and abandoning module AllDesktopTargetPlatform (26)
[2017.03.11-17.37.54:550][576]LogModuleManager: Shutting down and abandoning module TargetPlatform (25)
[2017.03.11-17.37.54:550][576]LogModuleManager: Shutting down and abandoning module InputCore (24)
[2017.03.11-17.37.54:550][576]LogModuleManager: Shutting down and abandoning module Settings (23)
[2017.03.11-17.37.54:550][576]LogModuleManager: Shutting down and abandoning module OculusRift (22)
[2017.03.11-17.37.54:551][576]LogModuleManager: Shutting down and abandoning module ExampleDeviceProfileSelector (21)
[2017.03.11-17.37.54:551][576]LogModuleManager: Shutting down and abandoning module OnlineBlueprintSupport (20)
[2017.03.11-17.37.54:551][576]LogModuleManager: Shutting down and abandoning module OnlineSubsystem (18)
[2017.03.11-17.37.54:551][576]LogOnline:Display: Unloading online subsystem: NULL
[2017.03.11-17.37.54:551][576]LogModuleManager: Shutting down and abandoning module SSL (17)
[2017.03.11-17.37.54:556][576]LogModuleManager: Shutting down and abandoning module HTTP (16)
[2017.03.11-17.37.54:556][576]LogModuleManager: Shutting down and abandoning module XMPP (15)
[2017.03.11-17.37.54:557][576]LogModuleManager: Shutting down and abandoning module TextureCompressor (14)
[2017.03.11-17.37.54:557][576]LogModuleManager: Shutting down and abandoning module ShaderCore (13)
[2017.03.11-17.37.54:557][576]LogModuleManager: Shutting down and abandoning module Landscape (12)
[2017.03.11-17.37.54:557][576]LogModuleManager: Shutting down and abandoning module SlateRHIRenderer (11)
[2017.03.11-17.37.54:562][576]LogModuleManager: Shutting down and abandoning module OpenGLDrv (10)
[2017.03.11-17.37.54:562][576]LogModuleManager: Shutting down and abandoning module D3D11RHI (9)
[2017.03.11-17.37.54:563][576]LogModuleManager: Shutting down and abandoning module AnimGraphRuntime (8)
[2017.03.11-17.37.54:563][576]LogModuleManager: Shutting down and abandoning module Renderer (7)
[2017.03.11-17.37.54:563][576]LogModuleManager: Shutting down and abandoning module Engine (6)
[2017.03.11-17.37.54:563][576]LogModuleManager: Shutting down and abandoning module CoreUObject (5)
[2017.03.11-17.37.54:563][576]LogModuleManager: Shutting down and abandoning module NetworkFile (4)
[2017.03.11-17.37.54:563][576]LogModuleManager: Shutting down and abandoning module StreamingFile (3)
[2017.03.11-17.37.54:563][576]LogModuleManager: Shutting down and abandoning module SandboxFile (2)
[2017.03.11-17.37.54:563][576]LogModuleManager: Shutting down and abandoning module PakFile (1)
[2017.03.11-17.37.54:565][576]LogExit: Exiting.
[2017.03.11-17.37.54:583][576]Log file closed, 03/11/17 18:37:54
